do run
loading script "jan_unknown120_60.py"
loading script "jan_pump_ms.py"
loading script "jan_diode.py"
loading script "jan_pump_extraction_line.py"
testing...
no interpolation path defined
executed snippet estimated_duration=213.652928, duration=0.000202894210815
script duration name:unknown120_60 seconds:214.0
loading script "jan_unknown120_60.py"
loading script "jan_pump_ms.py"
loading script "jan_diode.py"
loading script "jan_pump_extraction_line.py"
testing...
no interpolation path defined
executed snippet estimated_duration=0, duration=2.40802764893e-05
loading script "jan_unknown120_60.py"
loading script "jan_pump_ms.py"
loading script "jan_diode.py"
loading script "jan_pump_extraction_line.py"
testing...
no interpolation path defined
calculate duration
testing...
no interpolation path defined
executed snippet estimated_duration=0, duration=0.000118017196655
calculate duration
testing...
no interpolation path defined
executed snippet estimated_duration=0, duration=3.09944152832e-05
calculate duration
testing...
no interpolation path defined
executed snippet estimated_duration=64.0, duration=8.60691070557e-05
calculate duration
testing...
no interpolation path defined
executed snippet estimated_duration=2.0, duration=7.60555267334e-05
executed snippet estimated_duration=66.0, duration=0.00452303886414
script duration name:diode seconds:66.0
loading script "jan_unknown120_60.py"
loading script "jan_pump_ms.py"
loading script "jan_diode.py"
loading script "jan_pump_extraction_line.py"
testing...
no interpolation path defined
calculate duration
testing...
no interpolation path defined
executed snippet estimated_duration=4.0, duration=0.000111103057861
executed snippet estimated_duration=4.0, duration=0.00113010406494
Script duration 280.0
Run total estimated duration= 281.000
run duration: 0:04:41
doing event level: 2
15:33:06 -- Setting default integration. t=1.048576
setting integration time = 1.048576
SetIntegrationTime 1.048576 ===>> OK
----------------- start -----------------
**************** Experiment Type: Ar/Ar, Ar/Ar
create new session 4999229264
close session 4999229264
$$$$$ Clearing conditionals
adding conditionals 
Add queue conditionals
add default conditionals
adding default conditionals from /Users/jan/PychronDev/setupfiles/spectrometer/default_conditionals.yaml
Start automated run 65706-01F
loading script "jan_unknown120_60.py"
loading script "jan_pump_ms.py"
loading script "jan_diode.py"
loading script "jan_pump_extraction_line.py"
%%%%%%%%%%%%%%%%%% setting automated run 65706-01F
No value "sensitivity_multiplier" in metadata
$$$$$$$$$$$$$$$ auto_save_detector_ic=False
============================= Pre Extraction Check =============================
loading queue conditionals pre_run_terminations
loading system conditionals pre_run_terminations
loading conditionals from /Users/jan/PychronDev/setupfiles/spectrometer/default_conditionals.yaml
15:33:06 -- ******* Pre Extraction Check *******
Get a measurement from the spectrometer
Pre Extraction Termination data. keys=H2,H1,AX,L1,L2,CDD, signals=-0.05659,-0.00250,-0.11524,-0.01808,0.06363,0.00313
15:33:06 -- testing system defined conditionals
Checking default pre extraction terminations n=2
testing CDD
evaluate ot="CDD.inactive" t="CDD", ctx="{'CDD': False}"
GetDeflection CDD ===>> 50
testing CDD==2000
evaluate ot="CDD.deflection==2000" t="CDD==2000", ctx="{'CDD': 50.0}"
15:33:06 -- ******* Pre Extraction Check Passed *******
=================================================================================
15:33:06 -- stopping status monitor
stop 5070482224
Alive clients [4995911120]
15:33:06 -- starting status monitor
start 5070482224
Monitor already running
start extraction
do extraction
Analysis started at 15:33:06.768058
Extraction Started jan_diode.py
15:33:06 -- ******* Extraction Started jan_diode.py *******
state changed from not run to extraction
DO EXTRACTION <pychron.extraction_line.pyscript_runner.RemotePyScriptRunner object at 0x129c78650>
testing...
no interpolation path defined
calculate duration
testing...
no interpolation path defined
executed snippet estimated_duration=0, duration=0.000118970870972
calculate duration
testing...
no interpolation path defined
executed snippet estimated_duration=0, duration=2.28881835938e-05
calculate duration
testing...
no interpolation path defined
executed snippet estimated_duration=64.0, duration=0.000113010406494
calculate duration
testing...
no interpolation path defined
executed snippet estimated_duration=2.0, duration=6.103515625e-05
executed snippet estimated_duration=348.0, duration=0.00452899932861
Jan unknown diode laser analysis
set_motor ('beam', '3.0') {}
setting motor "beam" to 3.0
set motor beam to 3.0
SetMotor beam,3.0 ===>> OK
GetMotorMoving beam ===>> False
GetMotorMoving beam ===>> False
Block completed
doing GOSUB
testing...
no interpolation path defined
executed snippet estimated_duration=0, duration=0.000223875045776
Prepare for Diode analysis on Jan via minibone
close () {'description': 'Jan Inlet'}
close name=--- desc=Jan Inlet
checking ownership. requestor=129.138.12.150
check software interlocks R
interlocks []
actuate state mode=None-script, software_lock=False
doing actuation None-script close_channel False
Close R ===>> OK
GetIndicatorState R ===>> False
change switch state (True, True)
update switch state R False args=() kw={} ncanvase=3
15:33:08 -- CLOSE  VALVE-R (Jan Inlet)
-------------------------- close None (Jan Inlet) result=[(True, True)]
action=close, ok=True, locked=[False]
open () {'description': 'Jan Ion Pump'}
open name=--- desc=Jan Ion Pump
checking ownership. requestor=129.138.12.150
check software interlocks O
interlocks []
actuate state mode=None-script, software_lock=False
doing actuation None-script open_channel False
Open O ===>> OK
GetIndicatorState O ===>> OK
change switch state (True, True)
update switch state O True args=() kw={} ncanvase=3
15:33:08 -- OPEN   VALVE-O (Jan Ion Pump)
-------------------------- open None (Jan Ion Pump) result=[(True, True)]
action=open, ok=True, locked=[False]
open () {'description': 'Microbone to Inlet Pipette'}
open name=--- desc=Microbone to Inlet Pipette
checking ownership. requestor=129.138.12.150
check software interlocks S
interlocks []
actuate state mode=None-script, software_lock=False
doing actuation None-script open_channel False
Open S ===>> OK
GetIndicatorState S ===>> OK
change switch state (True, True)
update switch state S True args=() kw={} ncanvase=3
15:33:09 -- OPEN   VALVE-S (Microbone to Inlet Pipette)
-------------------------- open None (Microbone to Inlet Pipette) result=[(True, True)]
action=open, ok=True, locked=[False]
close () {'description': 'Microbone to Minibone'}
close name=--- desc=Microbone to Minibone
checking ownership. requestor=129.138.12.150
check software interlocks L
interlocks []
actuate state mode=None-script, software_lock=False
doing actuation None-script close_channel False
Close L ===>> OK
GetIndicatorState L ===>> False
change switch state (True, True)
update switch state L False args=() kw={} ncanvase=3
15:33:10 -- CLOSE  VALVE-L (Microbone to Minibone)
-------------------------- close None (Microbone to Minibone) result=[(True, True)]
action=close, ok=True, locked=[False]
open () {'description': 'Microbone to Getter D-50'}
open name=--- desc=Microbone to Getter D-50
checking ownership. requestor=129.138.12.150
check software interlocks K
interlocks []
actuate state mode=None-script, software_lock=False
doing actuation None-script open_channel False
Open K ===>> OK
GetIndicatorState K ===>> OK
change switch state (True, True)
update switch state K True args=() kw={} ncanvase=3
15:33:10 -- OPEN   VALVE-K (Microbone to Getter D-50)
-------------------------- open None (Microbone to Getter D-50) result=[(True, True)]
action=open, ok=True, locked=[False]
open () {'description': 'Microbone to Getter NP-10'}
open name=--- desc=Microbone to Getter NP-10
checking ownership. requestor=129.138.12.150
check software interlocks M
interlocks []
actuate state mode=None-script, software_lock=False
doing actuation None-script open_channel False
Open M ===>> OK
GetIndicatorState M ===>> OK
change switch state (True, True)
update switch state M True args=() kw={} ncanvase=3
15:33:11 -- OPEN   VALVE-M (Microbone to Getter NP-10)
-------------------------- open None (Microbone to Getter NP-10) result=[(True, True)]
action=open, ok=True, locked=[False]
close () {'description': 'CO2 Laser to Felix'}
close name=--- desc=CO2 Laser to Felix
checking ownership. requestor=129.138.12.150
check software interlocks F
interlocks []
actuate state mode=None-script, software_lock=True
VALVE-F(CO2 Laser to Felix) software locked
change switch state (True, False)
-------------------------- close None (CO2 Laser to Felix) result=[(True, False)]
action=close, ok=True, locked=[True]
close () {'description': 'CO2 Laser to Jan'}
close name=--- desc=CO2 Laser to Jan
checking ownership. requestor=129.138.12.150
check software interlocks A
interlocks []
actuate state mode=None-script, software_lock=False
doing actuation None-script close_channel True
Close A ===>> OK
GetIndicatorState A ===>> False
change switch state (True, True)
update switch state A False args=() kw={} ncanvase=3
15:33:11 -- CLOSE  VALVE-A (CO2 Laser to Jan)
-------------------------- close None (CO2 Laser to Jan) result=[(True, True)]
action=close, ok=True, locked=[False]
close () {'description': 'Microbone to CO2 Laser'}
close name=--- desc=Microbone to CO2 Laser
checking ownership. requestor=129.138.12.150
check software interlocks T
interlocks []
actuate state mode=None-script, software_lock=False
doing actuation None-script close_channel True
Close T ===>> OK
GetIndicatorState T ===>> False
change switch state (True, True)
update switch state T False args=() kw={} ncanvase=3
15:33:12 -- CLOSE  VALVE-T (Microbone to CO2 Laser)
-------------------------- close None (Microbone to CO2 Laser) result=[(True, True)]
action=close, ok=True, locked=[False]
open () {'description': 'Microbone to Turbo'}
open name=--- desc=Microbone to Turbo
checking ownership. requestor=129.138.12.150
check software interlocks U
interlocks []
actuate state mode=None-script, software_lock=False
doing actuation None-script open_channel False
Open U ===>> OK
GetIndicatorState U ===>> OK
change switch state (True, True)
update switch state U True args=() kw={} ncanvase=3
15:33:12 -- OPEN   VALVE-U (Microbone to Turbo)
-------------------------- open None (Microbone to Turbo) result=[(True, True)]
action=open, ok=True, locked=[False]
close () {'description': 'Outer Pipette 1'}
close name=--- desc=Outer Pipette 1
checking ownership. requestor=129.138.12.150
check software interlocks W
interlocks ['X']
actuate state mode=None-script, software_lock=False
doing actuation None-script close_channel False
Close W ===>> OK
GetIndicatorState W ===>> False
change switch state (True, True)
update switch state W False args=() kw={} ncanvase=3
15:33:13 -- CLOSE  VALVE-W (Outer Pipette 1)
-------------------------- close None (Outer Pipette 1) result=[(True, True)]
action=close, ok=True, locked=[False]
close () {'description': 'Outer Pipette 2'}
close name=--- desc=Outer Pipette 2
checking ownership. requestor=129.138.12.150
check software interlocks Y
interlocks ['Z']
actuate state mode=None-script, software_lock=False
doing actuation None-script close_channel False
Close Y ===>> OK
GetIndicatorState Y ===>> False
change switch state (True, True)
update switch state Y False args=() kw={} ncanvase=3
15:33:14 -- CLOSE  VALVE-Y (Outer Pipette 2)
-------------------------- close None (Outer Pipette 2) result=[(True, True)]
action=close, ok=True, locked=[False]
open () {'description': 'Bone to Minibone'}
open name=--- desc=Bone to Minibone
checking ownership. requestor=129.138.12.150
check software interlocks E
interlocks []
actuate state mode=None-script, software_lock=False
doing actuation None-script open_channel True
Open E ===>> OK
State checksums do not match. Local:1863784064 Remote:-1971958332
State checksum failed
GetIndicatorState E ===>> OK
change switch state (True, True)
update switch state E True args=() kw={} ncanvase=3
15:33:14 -- OPEN   VALVE-E (Bone to Minibone)
-------------------------- open None (Bone to Minibone) result=[(True, True)]
action=open, ok=True, locked=[False]
open () {'description': 'Bone to Getter GP-50'}
open name=--- desc=Bone to Getter GP-50
checking ownership. requestor=129.138.12.150
check software interlocks N
interlocks []
actuate state mode=None-script, software_lock=False
doing actuation None-script open_channel False
Open N ===>> OK
GetIndicatorState N ===>> OK
change switch state (True, True)
update switch state N True args=() kw={} ncanvase=3
15:33:14 -- OPEN   VALVE-N (Bone to Getter GP-50)
-------------------------- open None (Bone to Getter GP-50) result=[(True, True)]
action=open, ok=True, locked=[False]
close () {'description': 'Bone to CO2 Laser'}
close name=--- desc=Bone to CO2 Laser
checking ownership. requestor=129.138.12.150
check software interlocks D
interlocks []
actuate state mode=None-script, software_lock=False
doing actuation None-script close_channel True
Close D ===>> OK
GetIndicatorState D ===>> False
change switch state (True, True)
update switch state D False args=() kw={} ncanvase=3
15:33:15 -- CLOSE  VALVE-D (Bone to CO2 Laser)
-------------------------- close None (Bone to CO2 Laser) result=[(True, True)]
action=close, ok=True, locked=[False]
open () {'description': 'Bone to Diode Laser'}
open name=--- desc=Bone to Diode Laser
checking ownership. requestor=129.138.12.150
check software interlocks B
interlocks []
actuate state mode=None-script, software_lock=False
doing actuation None-script open_channel False
Open B ===>> OK
GetIndicatorState B ===>> OK
change switch state (True, True)
update switch state B True args=() kw={} ncanvase=3
15:33:15 -- OPEN   VALVE-B (Bone to Diode Laser)
-------------------------- open None (Bone to Diode Laser) result=[(True, True)]
action=open, ok=True, locked=[False]
open () {'description': 'Bone to Turbo'}
open name=--- desc=Bone to Turbo
checking ownership. requestor=129.138.12.150
check software interlocks C
interlocks []
actuate state mode=None-script, software_lock=False
doing actuation None-script open_channel False
Open C ===>> OK
GetIndicatorState C ===>> OK
change switch state (True, True)
update switch state C True args=() kw={} ncanvase=3
15:33:16 -- OPEN   VALVE-C (Bone to Turbo)
-------------------------- open None (Bone to Turbo) result=[(True, True)]
action=open, ok=True, locked=[False]
close () {'description': 'Quad Inlet'}
close name=--- desc=Quad Inlet
checking ownership. requestor=129.138.12.150
check software interlocks Q
interlocks []
actuate state mode=None-script, software_lock=False
doing actuation None-script close_channel True
Close Q ===>> OK
GetIndicatorState Q ===>> False
change switch state (True, True)
update switch state Q False args=() kw={} ncanvase=3
15:33:16 -- CLOSE  VALVE-Q (Quad Inlet)
-------------------------- close None (Quad Inlet) result=[(True, True)]
action=close, ok=True, locked=[False]
open () {'description': 'Minibone to Bone'}
open name=--- desc=Minibone to Bone
checking ownership. requestor=129.138.12.150
check software interlocks I
interlocks []
actuate state mode=None-script, software_lock=False
doing actuation None-script open_channel False
Open I ===>> OK
GetIndicatorState I ===>> OK
change switch state (True, True)
update switch state I True args=() kw={} ncanvase=3
15:33:17 -- OPEN   VALVE-I (Minibone to Bone)
-------------------------- open None (Minibone to Bone) result=[(True, True)]
action=open, ok=True, locked=[False]
open () {'description': 'Minibone to Turbo'}
open name=--- desc=Minibone to Turbo
checking ownership. requestor=129.138.12.150
check software interlocks P
interlocks []
actuate state mode=None-script, software_lock=False
doing actuation None-script open_channel False
Open P ===>> OK
GetIndicatorState P ===>> OK
change switch state (True, True)
update switch state P True args=() kw={} ncanvase=3
15:33:17 -- OPEN   VALVE-P (Minibone to Turbo)
-------------------------- open None (Minibone to Turbo) result=[(True, True)]
action=open, ok=True, locked=[False]
executed snippet estimated_duration=0, duration=10.1849160194
PrepareForDiodeAnalysis.py completed successfully
gosub finished
doing GOSUB
testing...
no interpolation path defined
executed snippet estimated_duration=0, duration=2.69412994385e-05
Isolate coldfinger
close () {'name': 'B', 'description': 'Bone to Diode Laser'}
close name=B desc=Bone to Diode Laser
checking ownership. requestor=129.138.12.150
check software interlocks B
interlocks []
actuate state mode=None-script, software_lock=False
doing actuation None-script close_channel True
Close B ===>> OK
GetIndicatorState B ===>> False
change switch state (True, True)
update switch state B False args=() kw={} ncanvase=3
15:33:18 -- CLOSE  VALVE-B (Bone to Diode Laser)
-------------------------- close B (Bone to Diode Laser) result=[(True, True)]
action=close, ok=True, locked=[False]
executed snippet estimated_duration=0, duration=0.451752901077
IsolateDiodeColdfinger.py completed successfully
gosub finished
open () {'description': 'Bone to Turbo'}
open name=--- desc=Bone to Turbo
checking ownership. requestor=129.138.12.150
check software interlocks C
interlocks []
actuate state mode=None-script, software_lock=False
doing actuation None-script open_channel False
Open C ===>> OK
GetIndicatorState C ===>> OK
change switch state (True, True)
update switch state C True args=() kw={} ncanvase=3
15:33:18 -- OPEN   VALVE-C (Bone to Turbo)
-------------------------- open None (Bone to Turbo) result=[(True, True)]
action=open, ok=True, locked=[False]
Diodelaser enabled. Heating sample.
enable () {}
set extraction state FusionsDiode Enabled (False, 'red', 1.5)
enabling laser
Enable ===>> OK
move_to_position ('15',) {}
FusionsDiode move to position 15
sending GoToHole 15,True
GoToHole 15,True ===>> OK
GetDriveMoving ===>> False
GetDriveMoving ===>> False
Block completed
GetAutoCorrecting ===>> False
GetAutoCorrecting ===>> False
Block completed
update position
GetPosition ===>> 14.40180,4.80060,9.00000
got position (14.4018, 4.8006, 9.0)
move to position succeeded
BEGIN INTERVAL Interval 1 waiting for 40.0
block started
set extract to 1.9 (watts)
WaitControl setup for 40.0  
extract () {}
GetPosition ===>> 14.40180,4.80060,9.00000
set extraction state FusionsDiode ON! 1.9(watts) (0.75, 'red', 1.5)
extract sample to 1.9 (watts)
set laser output
SetLaserOutput 1.9,watts ===>> OK
sleep (2,) {}
SLEEP 2.0
block started
WaitControl setup for 2.0  
Join finished
block finished. duration 2.06922602654
executing pattern diamond_37hole_3mmbeam.lp
execute_pattern ('diamond_37hole_3mmbeam.lp',) {}
executing pattern diamond_37hole_3mmbeam.lp
IsPatterning ===>> OK
IsPatterning ===>> OK
IsPatterning ===>> OK
IsPatterning ===>> OK
IsPatterning ===>> OK
IsPatterning ===>> OK
IsPatterning ===>> OK
IsPatterning ===>> OK
IsPatterning ===>> OK
IsPatterning ===>> OK
IsPatterning ===>> OK
IsPatterning ===>> OK
IsPatterning ===>> OK
IsPatterning ===>> OK
IsPatterning ===>> OK
IsPatterning ===>> OK
IsPatterning ===>> OK
IsPatterning ===>> OK
IsPatterning ===>> OK
IsPatterning ===>> OK
IsPatterning ===>> OK
IsPatterning ===>> OK
IsPatterning ===>> OK
IsPatterning ===>> OK
IsPatterning ===>> OK
IsPatterning ===>> OK
IsPatterning ===>> OK
IsPatterning ===>> OK
IsPatterning ===>> OK
IsPatterning ===>> OK
IsPatterning ===>> OK
IsPatterning ===>> OK
IsPatterning ===>> OK
IsPatterning ===>> OK
IsPatterning ===>> OK
IsPatterning ===>> OK
IsPatterning ===>> OK
Join finished
block finished. duration 40.1867671013
Interval 1 finished
IsPatterning ===>> OK
IsPatterning ===>> False
IsPatterning ===>> False
Block completed
COMPLETE INTERVAL waiting for Interval 1 to complete
Diode laser disabled.
disable () {}
%%%%%%%%%%%%%%%%%%%%%%%%%%%%%%%%%%% disable
set extraction state False (0.75, 'red', 1.5)
disabling laser
Disable ===>> OK
doing GOSUB
testing...
no interpolation path defined
executed snippet estimated_duration=64.0, duration=0.000241994857788
Equilibrate then isolate coldfinger
close () {'name': 'C', 'description': 'Bone to Turbo'}
close name=C desc=Bone to Turbo
checking ownership. requestor=129.138.12.150
check software interlocks C
interlocks []
actuate state mode=None-script, software_lock=False
doing actuation None-script close_channel True
Close C ===>> OK
GetIndicatorState C ===>> False
change switch state (True, True)
update switch state C False args=() kw={} ncanvase=3
15:34:05 -- CLOSE  VALVE-C (Bone to Turbo)
-------------------------- close C (Bone to Turbo) result=[(True, True)]
action=close, ok=True, locked=[False]
close () {'description': 'Microbone to Turbo'}
close name=--- desc=Microbone to Turbo
checking ownership. requestor=129.138.12.150
check software interlocks U
interlocks []
actuate state mode=None-script, software_lock=False
doing actuation None-script close_channel True
Close U ===>> OK
GetIndicatorState U ===>> False
change switch state (True, True)
update switch state U False args=() kw={} ncanvase=3
15:34:05 -- CLOSE  VALVE-U (Microbone to Turbo)
-------------------------- close None (Microbone to Turbo) result=[(True, True)]
action=close, ok=True, locked=[False]
close () {'description': 'Minibone to Turbo'}
close name=--- desc=Minibone to Turbo
checking ownership. requestor=129.138.12.150
check software interlocks P
interlocks []
actuate state mode=None-script, software_lock=False
doing actuation None-script close_channel True
Close P ===>> OK
GetIndicatorState P ===>> False
change switch state (True, True)
update switch state P False args=() kw={} ncanvase=3
15:34:06 -- CLOSE  VALVE-P (Minibone to Turbo)
-------------------------- close None (Minibone to Turbo) result=[(True, True)]
action=close, ok=True, locked=[False]
close () {'description': 'Minibone to Turbo'}
close name=--- desc=Minibone to Turbo
checking ownership. requestor=129.138.12.150
check software interlocks P
interlocks []
actuate state mode=None-script, software_lock=False
doing actuation None-script close_channel False
Close P ===>> OK
GetIndicatorState P ===>> False
change switch state (True, True)
update switch state P False args=() kw={} ncanvase=3
15:34:06 -- CLOSE  VALVE-P (Minibone to Turbo)
-------------------------- close None (Minibone to Turbo) result=[(True, True)]
action=close, ok=True, locked=[False]
sleep (2,) {}
SLEEP 2.0
block started
WaitControl setup for 2.0  
Join finished
block finished. duration 2.03545713425
open () {'description': 'Microbone to Minibone'}
open name=--- desc=Microbone to Minibone
checking ownership. requestor=129.138.12.150
check software interlocks L
interlocks []
actuate state mode=None-script, software_lock=False
doing actuation None-script open_channel True
Open L ===>> OK
GetIndicatorState L ===>> OK
change switch state (True, True)
update switch state L True args=() kw={} ncanvase=3
15:34:09 -- OPEN   VALVE-L (Microbone to Minibone)
-------------------------- open None (Microbone to Minibone) result=[(True, True)]
action=open, ok=True, locked=[False]
open () {'name': 'B', 'description': 'Bone to Diode Laser'}
open name=B desc=Bone to Diode Laser
checking ownership. requestor=129.138.12.150
check software interlocks B
interlocks []
actuate state mode=None-script, software_lock=False
doing actuation None-script open_channel True
Open B ===>> OK
GetIndicatorState B ===>> OK
change switch state (True, True)
update switch state B True args=() kw={} ncanvase=3
15:34:10 -- OPEN   VALVE-B (Bone to Diode Laser)
-------------------------- open B (Bone to Diode Laser) result=[(True, True)]
action=open, ok=True, locked=[False]
sleep (30,) {}
SLEEP 30.0
block started
WaitControl setup for 30.0  
Join finished
block finished. duration 30.1083459854
close () {'name': 'B', 'description': 'Bone to Diode Laser'}
close name=B desc=Bone to Diode Laser
checking ownership. requestor=129.138.12.150
check software interlocks B
interlocks []
actuate state mode=None-script, software_lock=False
doing actuation None-script close_channel True
Close B ===>> OK
GetIndicatorState B ===>> False
change switch state (True, True)
update switch state B False args=() kw={} ncanvase=3
15:34:40 -- CLOSE  VALVE-B (Bone to Diode Laser)
-------------------------- close B (Bone to Diode Laser) result=[(True, True)]
action=close, ok=True, locked=[False]
executed snippet estimated_duration=96.0, duration=35.7706651688
EquilibrateThenIsolateDiodeColdfinger.py completed successfully
gosub finished
sleep (120.0,) {}
SLEEP 120.0
block started
WaitControl setup for 120.0  
Join finished
block finished. duration 120.266836882
close () {'description': 'Minibone to Bone'}
close name=--- desc=Minibone to Bone
checking ownership. requestor=129.138.12.150
check software interlocks I
interlocks []
actuate state mode=None-script, software_lock=False
doing actuation None-script close_channel True
Close I ===>> OK
GetIndicatorState I ===>> False
change switch state (True, True)
update switch state I False args=() kw={} ncanvase=3
15:36:41 -- CLOSE  VALVE-I (Minibone to Bone)
-------------------------- close None (Minibone to Bone) result=[(True, True)]
action=close, ok=True, locked=[False]
doing GOSUB
testing...
no interpolation path defined
executed snippet estimated_duration=2.0, duration=0.000114917755127
Pump Bone After Jan Diode Analysis
sleep (1,) {}
SLEEP 1.0
open () {'description': 'Bone to Turbo'}
open name=--- desc=Bone to Turbo
checking ownership. requestor=129.138.12.150
check software interlocks C
interlocks []
actuate state mode=None-script, software_lock=False
doing actuation None-script open_channel True
Open C ===>> OK
GetIndicatorState C ===>> OK
change switch state (True, True)
update switch state C True args=() kw={} ncanvase=3
15:36:43 -- OPEN   VALVE-C (Bone to Turbo)
-------------------------- open None (Bone to Turbo) result=[(True, True)]
action=open, ok=True, locked=[False]
open () {'description': 'Bone to Getter GP-50'}
open name=--- desc=Bone to Getter GP-50
checking ownership. requestor=129.138.12.150
check software interlocks N
interlocks []
actuate state mode=None-script, software_lock=False
doing actuation None-script open_channel False
Open N ===>> OK
GetIndicatorState N ===>> OK
change switch state (True, True)
update switch state N True args=() kw={} ncanvase=3
15:36:43 -- OPEN   VALVE-N (Bone to Getter GP-50)
-------------------------- open None (Bone to Getter GP-50) result=[(True, True)]
action=open, ok=True, locked=[False]
open () {'description': 'Bone to Diode Laser'}
open name=--- desc=Bone to Diode Laser
checking ownership. requestor=129.138.12.150
check software interlocks B
interlocks []
actuate state mode=None-script, software_lock=False
doing actuation None-script open_channel True
Open B ===>> OK
GetIndicatorState B ===>> OK
change switch state (True, True)
update switch state B True args=() kw={} ncanvase=3
15:36:44 -- OPEN   VALVE-B (Bone to Diode Laser)
-------------------------- open None (Bone to Diode Laser) result=[(True, True)]
action=open, ok=True, locked=[False]
open () {'description': 'Bone to CO2 Laser'}
open name=--- desc=Bone to CO2 Laser
checking ownership. requestor=129.138.12.150
check software interlocks D
interlocks []
actuate state mode=None-script, software_lock=False
doing actuation None-script open_channel True
Open D ===>> OK
GetIndicatorState D ===>> OK
change switch state (True, True)
update switch state D True args=() kw={} ncanvase=3
15:36:44 -- OPEN   VALVE-D (Bone to CO2 Laser)
-------------------------- open None (Bone to CO2 Laser) result=[(True, True)]
action=open, ok=True, locked=[False]
executed snippet estimated_duration=3.0, duration=2.85698795319
PumpBoneAfterDiodeAnalysis.py completed successfully
gosub finished
executed snippet estimated_duration=510.0, duration=218.14842701
jan_diode.py completed successfully
GetAchievedOutput ===>> No Response
Requested Output= 0.000
Achieved Output=  0.000
GetResponseBlob ===>> [177])[178]N[00][00][00][00] [210][172]=[00][00][250]D[15][155][05]@[00][00][250]Db[243][130]@[00...
GetOutputBlob ===>> [177])[178]N[00][00][00][00] [210][172]=[175]`[153]A[15][155][05]@[00][00][00][00]b[243][130]@[00...
persistence save...
persistence save - db
AutomatedRunPersister post_extraction_save deprecated
persistence save - dvc
no extraction position for 15
Extraction Finished
15:36:44 -- ******* Extraction Finished *******
no overlap. not waiting for min ms pumptime
15:36:44 -- Sending spectrometer configuration
======== Sending configuration ========
SetDeflection CDD,50.0 ===>> OK
SetDeflection H2,0.0 ===>> OK
SetDeflection H1,0.0 ===>> OK
SetDeflection L2,825.0 ===>> OK
SetDeflection L1,400.0 ===>> OK
SetDeflection AX,190.0 ===>> OK
SetZFocus 74.64 ===>> OK
SetZSymmetry -50.72 ===>> OK
SetExtractionLens 26.13 ===>> OK
SetIonRepeller -3.81 ===>> OK
SetElectronEnergy 75.08 ===>> OK
SetYSymmetry -2.81 ===>> OK
SetIonCounterVoltage 1590.0 ===>> OK
send trap current 200.0
GetParameter Trap Current Readback ===>> 198.370811206739
SetParameter Trap Current Set,200.0 ===>> OK
updating mftable name mftable
Using mftable located at /Users/jan/PychronDev/setupfiles/spectrometer/mftables/mftable.csv
============ MFtable ===========
Isotope  H2     H1     AX     L1     L2     CDD    
Ar40     5.8246 5.8781 5.9912 6.1645 6.2296 6.3927
Ar39     5.7238 5.7703 5.8837 6.0505 6.1147 6.2792
Ar36     5.4013 5.4393 5.5470 5.7094 5.7697 5.9303
================================
get initial guess parabolic
get initial guess parabolic
get initial guess parabolic
get initial guess parabolic
get initial guess parabolic
get initial guess parabolic
======== Configuration Finished ========
GetYSymmetry ===>> -2.81
GetZSymmetry ===>> -50.72
GetParameter Trap Current Readback ===>> 198.035158395898
GetHighVoltage ===>> 4499.94659342336
start measurement
do measurement
L#=65706 analysis type=unknown
Measurement Started jan_unknown120_60.py
15:36:45 -- ******* Measurement Started jan_unknown120_60.py *******
state changed from extraction to measurement
setting spec, defl, and gains
GetExtractionLens ===>> 26.13
GetYSymmetry ===>> -2.81
GetZSymmetry ===>> -50.72
GetZFocus ===>> 74.64
GetDeflection H2 ===>> 0
GetDeflection H1 ===>> 0
GetDeflection AX ===>> 190
GetDeflection L1 ===>> 400
GetDeflection L2 ===>> 825
GetDeflection CDD ===>> 50
GetGain H2 ===>> 0.0113
GetGain H1 ===>> 0.99
GetGain AX ===>> 0.097049
GetGain L1 ===>> 0.010355
GetGain L2 ===>> 0.095649
GetGain CDD ===>> 0
pre measurement save
New frame /Users/jan/PychronDev/data/isotopes/3f/456f8b-7f98-4a62-88ff-fc59bb4379d9.h5
flush and close file /Users/jan/PychronDev/data/isotopes/3f/456f8b-7f98-4a62-88ff-fc59bb4379d9.h5
testing...
no interpolation path defined
executed snippet estimated_duration=226.132928, duration=0.00011682510376
unknown measurement script
activate_detectors ('H2', 'H1', 'AX', 'L1', 'L2', 'CDD') {}
activate detectors
*************** Set Analysis View Ar/Ar
create graphs
clearing graphs
clear isotope group
setting isotope det=H2, iso=PM41
setting isotope det=H1, iso=Ar40
setting isotope det=AX, iso=Ar39
setting isotope det=L1, iso=Ar38
setting isotope det=L2, iso=Ar37
setting isotope det=CDD, iso=Ar36
setting previous blanks
 - setting Ar40 blank 1.505+/-0.022
 - setting Ar36 blank 0.00756+/-0.00021
 - setting Ar37 blank 0.154+/-0.005
 - setting Ar38 blank 0.0092+/-0.0023
 - setting PM41 blank 0.03+/-0.07
 - setting Ar39 blank 0.051+/-0.009
load analysis view
position_magnet ('Ar40',) {'detector': 'H1'}
detector Detector(H1)
POSITION Ar40 H1
setting detector H2 to PM41 (40.9624)
setting detector H1 to Ar40 (39.9624)
setting detector AX to Ar39 (38.9624)
setting detector L1 to Ar38 (37.9624)
setting detector L2 to Ar37 (36.9624)
setting detector CDD to Ar36 (35.9624)
Mapping mass to dac mass func: "parabolic"
H1 map mass coeffs = [-0.00063987  0.15840543  0.56966999]
H1 map mass to dac 39.9624 >> 5.87806
GetDeflection H1 ===>> 0
GetHighVoltage ===>> 4499.94659342336
positioning Ar40 (5.87802538466) on H1
setting magnet DAC
current  : 5.878025
requested: 5.878025
Delta Dac: 0.000000
Checking detector protection. dv=0.00000
Checking detector "CDD". Protection Threshold: 0.1 (V)
SetMagnetDAC 5.87802538466 ===>> OK
set_dac. change=False
equilibrate () {'delay': 3, 'inlet': 'R', 'outlet': 'O', 'eqtime': 12.0}
Equilibration Started
15:36:46 -- ******* Equilibration Started *******
checking ownership. requestor=129.138.12.150
check software interlocks O
interlocks []
actuate state mode=None-script, software_lock=False
doing actuation None-script close_channel True
Close O ===>> OK
GetIndicatorState O ===>> False
change switch state (True, True)
update switch state O False args=() kw={} ncanvase=3
15:36:46 -- CLOSE  VALVE-O (Jan Ion Pump)
waiting 3s before opening inlet value ('R',)
update labels <pychron.experiment.plot_panel.PlotPanel object at 0x1fadf82f0>
update labels "<pychron.graph.stacked_regression_graph.StackedRegressionGraph object at 0x1f4fe3770>"
setting label 0 H2 PM41
setting label 1 H1 Ar40
setting label 2 AX Ar39
setting label 3 L1 Ar38
setting label 4 L2 Ar37
setting label 5 CDD Ar36
update labels "<pychron.graph.stacked_graph.StackedGraph object at 0x1f4fe4d10>"
setting label 0 H2 PM41
setting label 1 H1 Ar40
setting label 2 AX Ar39
setting label 3 L1 Ar38
setting label 4 L2 Ar37
setting label 5 CDD Ar36
checking ownership. requestor=129.138.12.150
check software interlocks R
interlocks []
actuate state mode=None-script, software_lock=False
doing actuation None-script open_channel True
Open R ===>> OK
State checksums do not match. Local:-2018862932 Remote:-2116542548
State checksum failed
GetIndicatorState R ===>> OK
change switch state (True, True)
update switch state R True args=() kw={} ncanvase=3
15:36:50 -- OPEN   VALVE-R (Jan Inlet)
equilibrating for 12.0sec
set_time_zero () {}
sniff (12.0,) {}
py_sniff
build tables- sniff [Detector(H2), Detector(H1), Detector(AX), Detector(L1), Detector(L2), Detector(CDD)]
add group /sniff/PM41 (Group) '' table H2
add group /sniff/Ar40 (Group) '' table H1
add group /sniff/Ar39 (Group) '' table AX
add group /sniff/Ar38 (Group) '' table L1
add group /sniff/Ar37 (Group) '' table L2
add group /sniff/Ar36 (Group) '' table CDD
flush and close file /Users/jan/PychronDev/data/isotopes/3f/456f8b-7f98-4a62-88ff-fc59bb4379d9.h5
measuring sniff. ncounts=12.0
"sniff" increment series count="1" fit count="0" regressing="False"
starting measurement
Equilibration Finished
15:37:02 -- ******* Equilibration Finished *******
checking ownership. requestor=129.138.12.150
check software interlocks R
interlocks []
actuate state mode=None-script, software_lock=False
doing actuation None-script close_channel True
Close R ===>> OK
GetIndicatorState R ===>> False
change switch state (True, True)
update switch state R False args=() kw={} ncanvase=3
15:37:03 -- CLOSE  VALVE-R (Jan Inlet)
Post Equilibration Started jan_pump_extraction_line.py
15:37:03 -- ******* Post Equilibration Started jan_pump_extraction_line.py *******
testing...
no interpolation path defined
calculate duration
testing...
no interpolation path defined
executed snippet estimated_duration=2.0, duration=8.39233398438e-05
calculate duration
testing...
no interpolation path defined
executed snippet estimated_duration=32.0, duration=9.3936920166e-05
executed snippet estimated_duration=34.0, duration=0.00234007835388
Pump after analysis
Pump after Jan diode analysis
doing GOSUB
testing...
no interpolation path defined
executed snippet estimated_duration=2.0, duration=7.5101852417e-05
Pump Microbone After Jan diode analysis
close () {'description': 'Jan Inlet'}
close name=--- desc=Jan Inlet
checking ownership. requestor=129.138.12.150
check software interlocks R
interlocks []
actuate state mode=None-script, software_lock=False
doing actuation None-script close_channel False
waiting for write to finish
measurement finished
estimated time: 12.583 actual time: :12.667
flush and close file /Users/jan/PychronDev/data/isotopes/3f/456f8b-7f98-4a62-88ff-fc59bb4379d9.h5
set_fits () {}
using default fits file=/Users/jan/PychronDev/scripts/measurement/fits/nominal_linear.yaml
set "Ar40" to "('Linear', 'SEM')"
No fit for "PM41". defaulting to linear. check the measurement script "jan_unknown120_60.py"
set "PM41" to "linear"
set "Ar36" to "('Linear', 'SEM')"
set "Ar37" to "('linear', 'SEM')"
set "Ar38" to "('linear', 'SEM')"
set "Ar39" to "('Linear', 'SEM')"
set_baseline_fits () {}
using default fits file=/Users/jan/PychronDev/scripts/measurement/fits/nominal_linear.yaml
Close R ===>> OK
set "H1" to "('average', 'SEM')"
set "H2" to "('average', 'SEM')"
set "CDD" to "('average', 'SEM')"
set "L2" to "('average', 'SEM')"
set "L1" to "('average', 'SEM')"
set "AX" to "('average', 'SEM')"
multicollect () {'integration_time': 1, 'ncounts': 120}
build tables- signal [Detector(H2), Detector(H1), Detector(AX), Detector(L1), Detector(L2), Detector(CDD)]
add group /signal/PM41 (Group) '' table H2
add group /signal/Ar40 (Group) '' table H1
add group /signal/Ar39 (Group) '' table AX
add group /signal/Ar38 (Group) '' table L1
add group /signal/Ar37 (Group) '' table L2
add group /signal/Ar36 (Group) '' table CDD
flush and close file /Users/jan/PychronDev/data/isotopes/3f/456f8b-7f98-4a62-88ff-fc59bb4379d9.h5
measuring signal. ncounts=120
GetIndicatorState R ===>> False
change switch state (True, True)
update switch state R False args=() kw={} ncanvase=3
15:37:03 -- CLOSE  VALVE-R (Jan Inlet)
-------------------------- close None (Jan Inlet) result=[(True, True)]
action=close, ok=True, locked=[False]
close () {'description': 'Microbone to Minibone'}
close name=--- desc=Microbone to Minibone
checking ownership. requestor=129.138.12.150
check software interlocks L
interlocks []
actuate state mode=None-script, software_lock=False
doing actuation None-script close_channel True
"signal" increment series count="2" fit count="1" regressing="True"
starting measurement
Close L ===>> OK
GetIndicatorState L ===>> False
change switch state (True, True)
update switch state L False args=() kw={} ncanvase=3
15:37:04 -- CLOSE  VALVE-L (Microbone to Minibone)
-------------------------- close None (Microbone to Minibone) result=[(True, True)]
action=close, ok=True, locked=[False]
open () {'description': 'Microbone to Turbo'}
open name=--- desc=Microbone to Turbo
checking ownership. requestor=129.138.12.150
check software interlocks U
interlocks []
actuate state mode=None-script, software_lock=False
doing actuation None-script open_channel True
Open U ===>> OK
GetIndicatorState U ===>> OK
change switch state (True, True)
update switch state U True args=() kw={} ncanvase=3
15:37:05 -- OPEN   VALVE-U (Microbone to Turbo)
-------------------------- open None (Microbone to Turbo) result=[(True, True)]
action=open, ok=True, locked=[False]
open () {'description': 'Microbone to Getter NP-10'}
open name=--- desc=Microbone to Getter NP-10
checking ownership. requestor=129.138.12.150
check software interlocks M
interlocks []
actuate state mode=None-script, software_lock=False
doing actuation None-script open_channel False
Open M ===>> OK
GetIndicatorState M ===>> OK
change switch state (True, True)
update switch state M True args=() kw={} ncanvase=3
15:37:05 -- OPEN   VALVE-M (Microbone to Getter NP-10)
-------------------------- open None (Microbone to Getter NP-10) result=[(True, True)]
action=open, ok=True, locked=[False]
open () {'description': 'Microbone to Getter D-50'}
open name=--- desc=Microbone to Getter D-50
checking ownership. requestor=129.138.12.150
check software interlocks K
interlocks []
actuate state mode=None-script, software_lock=False
doing actuation None-script open_channel False
Open K ===>> OK
GetIndicatorState K ===>> OK
change switch state (True, True)
update switch state K True args=() kw={} ncanvase=3
15:37:06 -- OPEN   VALVE-K (Microbone to Getter D-50)
-------------------------- open None (Microbone to Getter D-50) result=[(True, True)]
action=open, ok=True, locked=[False]
open () {'description': 'Microbone to CO2 Laser'}
open name=--- desc=Microbone to CO2 Laser
checking ownership. requestor=129.138.12.150
check software interlocks T
interlocks []
actuate state mode=None-script, software_lock=False
doing actuation None-script open_channel True
Open T ===>> OK
GetIndicatorState T ===>> OK
change switch state (True, True)
update switch state T True args=() kw={} ncanvase=3
15:37:06 -- OPEN   VALVE-T (Microbone to CO2 Laser)
-------------------------- open None (Microbone to CO2 Laser) result=[(True, True)]
action=open, ok=True, locked=[False]
open () {'description': 'CO2 Laser to Jan'}
open name=--- desc=CO2 Laser to Jan
checking ownership. requestor=129.138.12.150
check software interlocks A
interlocks []
actuate state mode=None-script, software_lock=False
doing actuation None-script open_channel True
Open A ===>> OK
GetIndicatorState A ===>> OK
change switch state (True, True)
update switch state A True args=() kw={} ncanvase=3
15:37:07 -- OPEN   VALVE-A (CO2 Laser to Jan)
-------------------------- open None (CO2 Laser to Jan) result=[(True, True)]
action=open, ok=True, locked=[False]
open () {'description': 'Microbone to Inlet Pipette'}
open name=--- desc=Microbone to Inlet Pipette
checking ownership. requestor=129.138.12.150
check software interlocks S
interlocks []
actuate state mode=None-script, software_lock=False
doing actuation None-script open_channel False
Open S ===>> OK
GetIndicatorState S ===>> OK
change switch state (True, True)
update switch state S True args=() kw={} ncanvase=3
15:37:08 -- OPEN   VALVE-S (Microbone to Inlet Pipette)
-------------------------- open None (Microbone to Inlet Pipette) result=[(True, True)]
action=open, ok=True, locked=[False]
sleep (1,) {}
SLEEP 1.0
testing H1>-5.0
evaluate ot="H1.bs>-5.0" t="H1>-5.0", ctx="{'H1': None}"
executed snippet estimated_duration=3.0, duration=6.10570502281
PumpMicroBoneAfterDiodeAnalysis.py completed successfully
gosub finished
doing GOSUB
testing...
no interpolation path defined
executed snippet estimated_duration=32.0, duration=0.000121116638184
Pump Minibone after Jan diode analysis
close () {'description': 'Bone to Minibone'}
close name=--- desc=Bone to Minibone
checking ownership. requestor=129.138.12.150
check software interlocks E
interlocks []
actuate state mode=None-script, software_lock=False
doing actuation None-script close_channel True
Close E ===>> OK
GetIndicatorState E ===>> False
change switch state (True, True)
update switch state E False args=() kw={} ncanvase=3
15:37:09 -- CLOSE  VALVE-E (Bone to Minibone)
-------------------------- close None (Bone to Minibone) result=[(True, True)]
action=close, ok=True, locked=[False]
open () {'description': 'Minibone to Bone'}
open name=--- desc=Minibone to Bone
checking ownership. requestor=129.138.12.150
check software interlocks I
interlocks []
actuate state mode=None-script, software_lock=False
doing actuation None-script open_channel True
Open I ===>> OK
GetIndicatorState I ===>> OK
change switch state (True, True)
update switch state I True args=() kw={} ncanvase=3
15:37:10 -- OPEN   VALVE-I (Minibone to Bone)
-------------------------- open None (Minibone to Bone) result=[(True, True)]
action=open, ok=True, locked=[False]
close () {'description': 'Microbone to Minibone'}
close name=--- desc=Microbone to Minibone
checking ownership. requestor=129.138.12.150
check software interlocks L
interlocks []
actuate state mode=None-script, software_lock=False
doing actuation None-script close_channel False
Close L ===>> OK
GetIndicatorState L ===>> False
change switch state (True, True)
update switch state L False args=() kw={} ncanvase=3
15:37:11 -- CLOSE  VALVE-L (Microbone to Minibone)
-------------------------- close None (Microbone to Minibone) result=[(True, True)]
action=close, ok=True, locked=[False]
sleep () {'duration': 1.0}
SLEEP 1.0
open () {'description': 'Minibone to Turbo'}
open name=--- desc=Minibone to Turbo
checking ownership. requestor=129.138.12.150
check software interlocks P
interlocks []
actuate state mode=None-script, software_lock=False
doing actuation None-script open_channel True
Open P ===>> OK
GetIndicatorState P ===>> OK
change switch state (True, True)
update switch state P True args=() kw={} ncanvase=3
15:37:12 -- OPEN   VALVE-P (Minibone to Turbo)
-------------------------- open None (Minibone to Turbo) result=[(True, True)]
action=open, ok=True, locked=[False]
open () {'description': 'Quad Inlet'}
open name=--- desc=Quad Inlet
checking ownership. requestor=129.138.12.150
check software interlocks Q
interlocks []
actuate state mode=None-script, software_lock=False
doing actuation None-script open_channel True
Open Q ===>> OK
GetIndicatorState Q ===>> OK
change switch state (True, True)
update switch state Q True args=() kw={} ncanvase=3
15:37:13 -- OPEN   VALVE-Q (Quad Inlet)
-------------------------- open None (Quad Inlet) result=[(True, True)]
action=open, ok=True, locked=[False]
set_resource () {'name': 'MinibonePumpTimeFlag', 'value': 30}
Set MinibonePumpTimeFlag 30 ===>> OK
sleep () {'duration': 15.0}
SLEEP 15.0
block started
WaitControl setup for 15.0  
testing H1>-5.0
evaluate ot="H1.bs>-5.0" t="H1>-5.0", ctx="{'H1': None}"
testing H1>-5.0
evaluate ot="H1.bs>-5.0" t="H1>-5.0", ctx="{'H1': None}"
testing H1>-5.0
evaluate ot="H1.bs>-5.0" t="H1>-5.0", ctx="{'H1': None}"
Join finished
block finished. duration 15.1609489918
close () {'description': 'Outer Pipette 1'}
close name=--- desc=Outer Pipette 1
checking ownership. requestor=129.138.12.150
check software interlocks W
interlocks ['X']
actuate state mode=None-script, software_lock=False
doing actuation None-script close_channel False
Close W ===>> OK
GetIndicatorState W ===>> False
change switch state (True, True)
update switch state W False args=() kw={} ncanvase=3
15:37:28 -- CLOSE  VALVE-W (Outer Pipette 1)
-------------------------- close None (Outer Pipette 1) result=[(True, True)]
action=close, ok=True, locked=[False]
close () {'description': 'Outer Pipette 2'}
close name=--- desc=Outer Pipette 2
checking ownership. requestor=129.138.12.150
check software interlocks Y
interlocks ['Z']
actuate state mode=None-script, software_lock=False
doing actuation None-script close_channel False
Close Y ===>> OK
GetIndicatorState Y ===>> False
change switch state (True, True)
update switch state Y False args=() kw={} ncanvase=3
15:37:29 -- CLOSE  VALVE-Y (Outer Pipette 2)
-------------------------- close None (Outer Pipette 2) result=[(True, True)]
testing H1>-5.0
evaluate ot="H1.bs>-5.0" t="H1>-5.0", ctx="{'H1': None}"
15:37:29 -- collecting point 25
action=close, ok=True, locked=[False]
release ('JanMiniboneFlag',) {}
release JanMiniboneFlag
Set JanMiniboneFlag 0 ===>> OK
executed snippet estimated_duration=48.0, duration=20.2166628838
PumpMiniboneAfterDiodeAnalysis.py completed successfully
gosub finished
executed snippet estimated_duration=34.0, duration=26.442180872
jan_pump_extraction_line.py completed successfully
Post Equilibration Finished
15:37:29 -- ******* Post Equilibration Finished *******
testing H1>-5.0
evaluate ot="H1.bs>-5.0" t="H1>-5.0", ctx="{'H1': None}"
testing H1>-5.0
evaluate ot="H1.bs>-5.0" t="H1>-5.0", ctx="{'H1': None}"
testing H1>-5.0
evaluate ot="H1.bs>-5.0" t="H1>-5.0", ctx="{'H1': None}"
testing H1>-5.0
evaluate ot="H1.bs>-5.0" t="H1>-5.0", ctx="{'H1': None}"
testing H1>-5.0
evaluate ot="H1.bs>-5.0" t="H1>-5.0", ctx="{'H1': None}"
15:37:55 -- collecting point 50
testing H1>-5.0
evaluate ot="H1.bs>-5.0" t="H1>-5.0", ctx="{'H1': None}"
testing H1>-5.0
evaluate ot="H1.bs>-5.0" t="H1>-5.0", ctx="{'H1': None}"
testing H1>-5.0
evaluate ot="H1.bs>-5.0" t="H1>-5.0", ctx="{'H1': None}"
testing H1>-5.0
evaluate ot="H1.bs>-5.0" t="H1>-5.0", ctx="{'H1': None}"
testing H1>-5.0
evaluate ot="H1.bs>-5.0" t="H1>-5.0", ctx="{'H1': None}"
15:38:22 -- collecting point 75
testing H1>-5.0
evaluate ot="H1.bs>-5.0" t="H1>-5.0", ctx="{'H1': None}"
testing H1>-5.0
evaluate ot="H1.bs>-5.0" t="H1>-5.0", ctx="{'H1': None}"
testing H1>-5.0
evaluate ot="H1.bs>-5.0" t="H1>-5.0", ctx="{'H1': None}"
testing H1>-5.0
evaluate ot="H1.bs>-5.0" t="H1>-5.0", ctx="{'H1': None}"
testing H1>-5.0
evaluate ot="H1.bs>-5.0" t="H1>-5.0", ctx="{'H1': None}"
15:38:48 -- collecting point 100
testing H1>-5.0
evaluate ot="H1.bs>-5.0" t="H1>-5.0", ctx="{'H1': None}"
testing H1>-5.0
evaluate ot="H1.bs>-5.0" t="H1>-5.0", ctx="{'H1': None}"
testing H1>-5.0
evaluate ot="H1.bs>-5.0" t="H1>-5.0", ctx="{'H1': None}"
testing H1>-5.0
evaluate ot="H1.bs>-5.0" t="H1>-5.0", ctx="{'H1': None}"
waiting for write to finish
measurement finished
estimated time: 125.829 actual time: :126.051
flush and close file /Users/jan/PychronDev/data/isotopes/3f/456f8b-7f98-4a62-88ff-fc59bb4379d9.h5
baselines () {'settling_time': 15.0, 'detector': 'H1', 'mass': 34.2, 'ncounts': 60}
%%%%%%%%%%%%%%%%%%%%%%%%%%%%%%%% Baseline
build tables- baseline [Detector(H2), Detector(H1), Detector(AX), Detector(L1), Detector(L2), Detector(CDD)]
add group baseline table H2
add group baseline table H1
add group baseline table AX
add group baseline table L1
add group baseline table L2
add group baseline table CDD
flush and close file /Users/jan/PychronDev/data/isotopes/3f/456f8b-7f98-4a62-88ff-fc59bb4379d9.h5
detector Detector(H1)
POSITION 34.2 H1
Mapping mass to dac mass func: "parabolic"
H1 map mass coeffs = [-0.00063987  0.15840543  0.56966999]
H1 map mass to dac 34.2 >> 5.23871599104
GetDeflection H1 ===>> 0
GetHighVoltage ===>> 4499.94659342336
positioning 34.2 (5.23868514074) on H1
setting magnet DAC
current  : 5.878025
requested: 5.238685
Delta Dac: 0.639340
Checking detector protection. dv=0.63934
Checking detector "CDD". Protection Threshold: 0.1 (V)
ProtectDetector CDD,On ===>> OK
GetDeflection CDD ===>> 2000
Protected = 2000
SetMagnetDAC 5.23868514074 ===>> OK
Magnet settling time: 0.500
Magnet settling complete
Wait for magnet to stop moving
GetMagnetMoving ===>> True
GetMagnetMoving ===>> True
GetMagnetMoving ===>> True
GetMagnetMoving ===>> True
GetMagnetMoving ===>> True
GetMagnetMoving ===>> True
GetMagnetMoving ===>> True
GetMagnetMoving ===>> True
GetMagnetMoving ===>> False
Magnet move complete
Unprotect detectors
ProtectDetector CDD,Off ===>> OK
GetDeflection CDD ===>> 50
set_dac. change=True
Delaying 15.0s for detectors to settle
Join finished
measuring baseline. ncounts=60
"baseline" increment series count="2" fit count="1" regressing="True"
starting measurement
testing H1>-5.0
evaluate ot="H1.bs>-5.0" t="H1>-5.0", ctx="{'H1': None}"
testing H1>-5.0
evaluate ot="H1.bs>-5.0" t="H1>-5.0", ctx="{'H1': None}"
testing H1>-5.0
evaluate ot="H1.bs>-5.0" t="H1>-5.0", ctx="{'H1': None}"
testing H1>-5.0
evaluate ot="H1.bs>-5.0" t="H1>-5.0", ctx="{'H1': None}"
testing H1>-5.0
evaluate ot="H1.bs>-5.0" t="H1>-5.0", ctx="{'H1': None}"
15:39:54 -- collecting point 25
testing H1>-5.0
evaluate ot="H1.bs>-5.0" t="H1>-5.0", ctx="{'H1': None}"
testing H1>-5.0
evaluate ot="H1.bs>-5.0" t="H1>-5.0", ctx="{'H1': None}"
testing H1>-5.0
evaluate ot="H1.bs>-5.0" t="H1>-5.0", ctx="{'H1': None}"
testing H1>-5.0
evaluate ot="H1.bs>-5.0" t="H1>-5.0", ctx="{'H1': None}"
testing H1>-5.0
evaluate ot="H1.bs>-5.0" t="H1>-5.0", ctx="{'H1': None}"
15:40:20 -- collecting point 50
testing H1>-5.0
evaluate ot="H1.bs>-5.0" t="H1>-5.0", ctx="{'H1': None}"
testing H1>-5.0
evaluate ot="H1.bs>-5.0" t="H1>-5.0", ctx="{'H1': None}"
waiting for write to finish
measurement finished
estimated time: 62.915 actual time: :63.034
flush and close file /Users/jan/PychronDev/data/isotopes/3f/456f8b-7f98-4a62-88ff-fc59bb4379d9.h5
activate_detectors ('H1', 'AX', 'CDD') {'peak_center': True}
peak_center () {'detector': 'H1', 'integration_time': 0.262144, 'isotope': 'Ar40'}
peak center: mean=143.760425324 threshold=3
peak center started
setup peak center. detector=['H1', 'AX', 'CDD'], isotope=Ar40
VersionedUnpickler [<apptools.sweet_pickle.versioned_unpickler.VersionedUnpickler object at 0x1fad90b30>] using Updater [<apptools.sweet_pickle.updater.Updater object at 0x13ad2eef0>]
VersionedUnpickler [<apptools.sweet_pickle.versioned_unpickler.VersionedUnpickler object at 0x1fad90b30>] using Updater [<apptools.sweet_pickle.updater.Updater object at 0x13ad2eef0>]
VersionedUnpickler [<apptools.sweet_pickle.versioned_unpickler.VersionedUnpickler object at 0x1f759e770>] using Updater [<apptools.sweet_pickle.updater.Updater object at 0x13ad2eef0>]
Mapping mass to dac mass func: "parabolic"
H1 map mass coeffs = [-0.00063987  0.15840543  0.56966999]
H1 map mass to dac 39.9624 >> 5.87806
GetDeflection H1 ===>> 0
GetHighVoltage ===>> 4499.94659342336
do peak center. <pychron.spectrometer.jobs.peak_center.PeakCenter object at 0x13abbecb0>
doing pc
starting peak center. center dac= 5.87802538466 step_width=0.001
width = 0.001
get scan parameters. half-width=0.015,window=0.015, i=0, scalar=1
Scan parameters center=5.87803 width=0.03000 (5.86303 - 5.89303)
Moving to starting dac 5.86302538466
setting magnet DAC
current  : 5.238685
requested: 5.863025
Delta Dac: 0.624340
Checking detector protection. dv=0.62434
Checking detector "CDD". Protection Threshold: 0.1 (V)
ProtectDetector CDD,On ===>> OK
GetDeflection CDD ===>> 2000
Protected = 2000
SetMagnetDAC 5.86302538466 ===>> OK
Magnet settling time: 0.500
Magnet settling complete
Wait for magnet to stop moving
GetMagnetMoving ===>> True
GetMagnetMoving ===>> True
GetMagnetMoving ===>> True
GetMagnetMoving ===>> True
GetMagnetMoving ===>> True
GetMagnetMoving ===>> True
GetMagnetMoving ===>> True
GetMagnetMoving ===>> True
GetMagnetMoving ===>> False
Magnet move complete
Unprotect detectors
ProtectDetector CDD,Off ===>> OK
GetDeflection CDD ===>> 50
set_dac. change=True
Wait until signal near baseline. tol= -0.107043144429. timeout= 10
Peak center baseline intensity achieved
_do_sweep sm= 5.86302538466, em= 5.89302538466, stm= 0.001
calculated step values: start=5.86302538466, end=5.89302538466, width=0.001, nsteps=31.0
setting magnet DAC
current  : 5.863025
requested: 5.863025
Delta Dac: 0.000000
Checking detector protection. dv=0.00000
Checking detector "CDD". Protection Threshold: 0.1 (V)
SetMagnetDAC 5.86302538466 ===>> OK
set_dac. change=False
setting magnet DAC
current  : 5.863025
requested: 5.864060
Delta Dac: 0.001034
Checking detector protection. dv=0.00103
Checking detector "CDD". Protection Threshold: 0.1 (V)
SetMagnetDAC 5.86405986741 ===>> OK
Magnet settling time: 2.097
Magnet settling complete
set_dac. change=True
setting magnet DAC
current  : 5.864060
requested: 5.865094
Delta Dac: 0.001034
Checking detector protection. dv=0.00103
Checking detector "CDD". Protection Threshold: 0.1 (V)
SetMagnetDAC 5.86509435017 ===>> OK
Magnet settling time: 2.097
Magnet settling complete
set_dac. change=True
setting magnet DAC
current  : 5.865094
requested: 5.866129
Delta Dac: 0.001034
Checking detector protection. dv=0.00103
Checking detector "CDD". Protection Threshold: 0.1 (V)
SetMagnetDAC 5.86612883293 ===>> OK
Magnet settling time: 2.097
Magnet settling complete
set_dac. change=True
setting magnet DAC
current  : 5.866129
requested: 5.867163
Delta Dac: 0.001034
Checking detector protection. dv=0.00103
Checking detector "CDD". Protection Threshold: 0.1 (V)
SetMagnetDAC 5.86716331569 ===>> OK
Magnet settling time: 2.097
Magnet settling complete
set_dac. change=True
setting magnet DAC
current  : 5.867163
requested: 5.868198
Delta Dac: 0.001034
Checking detector protection. dv=0.00103
Checking detector "CDD". Protection Threshold: 0.1 (V)
SetMagnetDAC 5.86819779845 ===>> OK
Magnet settling time: 2.097
Magnet settling complete
set_dac. change=True
setting magnet DAC
current  : 5.868198
requested: 5.869232
Delta Dac: 0.001034
Checking detector protection. dv=0.00103
Checking detector "CDD". Protection Threshold: 0.1 (V)
SetMagnetDAC 5.86923228121 ===>> OK
Magnet settling time: 2.097
Magnet settling complete
set_dac. change=True
setting magnet DAC
current  : 5.869232
requested: 5.870267
Delta Dac: 0.001034
Checking detector protection. dv=0.00103
Checking detector "CDD". Protection Threshold: 0.1 (V)
SetMagnetDAC 5.87026676397 ===>> OK
Magnet settling time: 2.097
Magnet settling complete
set_dac. change=True
setting magnet DAC
current  : 5.870267
requested: 5.871301
Delta Dac: 0.001034
Checking detector protection. dv=0.00103
Checking detector "CDD". Protection Threshold: 0.1 (V)
SetMagnetDAC 5.87130124672 ===>> OK
Magnet settling time: 2.097
Magnet settling complete
set_dac. change=True
setting magnet DAC
current  : 5.871301
requested: 5.872336
Delta Dac: 0.001034
Checking detector protection. dv=0.00103
Checking detector "CDD". Protection Threshold: 0.1 (V)
SetMagnetDAC 5.87233572948 ===>> OK
Magnet settling time: 2.097
Magnet settling complete
set_dac. change=True
setting magnet DAC
current  : 5.872336
requested: 5.873370
Delta Dac: 0.001034
Checking detector protection. dv=0.00103
Checking detector "CDD". Protection Threshold: 0.1 (V)
SetMagnetDAC 5.87337021224 ===>> OK
Magnet settling time: 2.097
Magnet settling complete
set_dac. change=True
setting magnet DAC
current  : 5.873370
requested: 5.874405
Delta Dac: 0.001034
Checking detector protection. dv=0.00103
Checking detector "CDD". Protection Threshold: 0.1 (V)
SetMagnetDAC 5.874404695 ===>> OK
Magnet settling time: 2.097
Magnet settling complete
set_dac. change=True
setting magnet DAC
current  : 5.874405
requested: 5.875439
Delta Dac: 0.001034
Checking detector protection. dv=0.00103
Checking detector "CDD". Protection Threshold: 0.1 (V)
SetMagnetDAC 5.87543917776 ===>> OK
Magnet settling time: 2.097
Magnet settling complete
set_dac. change=True
setting magnet DAC
current  : 5.875439
requested: 5.876474
Delta Dac: 0.001034
Checking detector protection. dv=0.00103
Checking detector "CDD". Protection Threshold: 0.1 (V)
SetMagnetDAC 5.87647366052 ===>> OK
Magnet settling time: 2.097
Magnet settling complete
set_dac. change=True
setting magnet DAC
current  : 5.876474
requested: 5.877508
Delta Dac: 0.001034
Checking detector protection. dv=0.00103
Checking detector "CDD". Protection Threshold: 0.1 (V)
SetMagnetDAC 5.87750814328 ===>> OK
Magnet settling time: 2.097
Magnet settling complete
set_dac. change=True
setting magnet DAC
current  : 5.877508
requested: 5.878543
Delta Dac: 0.001034
Checking detector protection. dv=0.00103
Checking detector "CDD". Protection Threshold: 0.1 (V)
SetMagnetDAC 5.87854262604 ===>> OK
Magnet settling time: 2.097
Magnet settling complete
set_dac. change=True
setting magnet DAC
current  : 5.878543
requested: 5.879577
Delta Dac: 0.001034
Checking detector protection. dv=0.00103
Checking detector "CDD". Protection Threshold: 0.1 (V)
SetMagnetDAC 5.87957710879 ===>> OK
Magnet settling time: 2.097
Magnet settling complete
set_dac. change=True
setting magnet DAC
current  : 5.879577
requested: 5.880612
Delta Dac: 0.001034
Checking detector protection. dv=0.00103
Checking detector "CDD". Protection Threshold: 0.1 (V)
SetMagnetDAC 5.88061159155 ===>> OK
Magnet settling time: 2.097
Magnet settling complete
set_dac. change=True
setting magnet DAC
current  : 5.880612
requested: 5.881646
Delta Dac: 0.001034
Checking detector protection. dv=0.00103
Checking detector "CDD". Protection Threshold: 0.1 (V)
SetMagnetDAC 5.88164607431 ===>> OK
Magnet settling time: 2.097
Magnet settling complete
set_dac. change=True
setting magnet DAC
current  : 5.881646
requested: 5.882681
Delta Dac: 0.001034
Checking detector protection. dv=0.00103
Checking detector "CDD". Protection Threshold: 0.1 (V)
SetMagnetDAC 5.88268055707 ===>> OK
Magnet settling time: 2.097
Magnet settling complete
set_dac. change=True
setting magnet DAC
current  : 5.882681
requested: 5.883715
Delta Dac: 0.001034
Checking detector protection. dv=0.00103
Checking detector "CDD". Protection Threshold: 0.1 (V)
SetMagnetDAC 5.88371503983 ===>> OK
Magnet settling time: 2.097
Magnet settling complete
set_dac. change=True
setting magnet DAC
current  : 5.883715
requested: 5.884750
Delta Dac: 0.001034
Checking detector protection. dv=0.00103
Checking detector "CDD". Protection Threshold: 0.1 (V)
SetMagnetDAC 5.88474952259 ===>> OK
Magnet settling time: 2.097
Magnet settling complete
set_dac. change=True
setting magnet DAC
current  : 5.884750
requested: 5.885784
Delta Dac: 0.001034
Checking detector protection. dv=0.00103
Checking detector "CDD". Protection Threshold: 0.1 (V)
SetMagnetDAC 5.88578400535 ===>> OK
Magnet settling time: 2.097
Magnet settling complete
set_dac. change=True
setting magnet DAC
current  : 5.885784
requested: 5.886818
Delta Dac: 0.001034
Checking detector protection. dv=0.00103
Checking detector "CDD". Protection Threshold: 0.1 (V)
SetMagnetDAC 5.8868184881 ===>> OK
Magnet settling time: 2.097
Magnet settling complete
set_dac. change=True
setting magnet DAC
current  : 5.886818
requested: 5.887853
Delta Dac: 0.001034
Checking detector protection. dv=0.00103
Checking detector "CDD". Protection Threshold: 0.1 (V)
SetMagnetDAC 5.88785297086 ===>> OK
Magnet settling time: 2.097
Magnet settling complete
set_dac. change=True
setting magnet DAC
current  : 5.887853
requested: 5.888887
Delta Dac: 0.001034
Checking detector protection. dv=0.00103
Checking detector "CDD". Protection Threshold: 0.1 (V)
SetMagnetDAC 5.88888745362 ===>> OK
Magnet settling time: 2.097
Magnet settling complete
set_dac. change=True
setting magnet DAC
current  : 5.888887
requested: 5.889922
Delta Dac: 0.001034
Checking detector protection. dv=0.00103
Checking detector "CDD". Protection Threshold: 0.1 (V)
SetMagnetDAC 5.88992193638 ===>> OK
Magnet settling time: 2.097
Magnet settling complete
set_dac. change=True
setting magnet DAC
current  : 5.889922
requested: 5.890956
Delta Dac: 0.001034
Checking detector protection. dv=0.00103
Checking detector "CDD". Protection Threshold: 0.1 (V)
SetMagnetDAC 5.89095641914 ===>> OK
Magnet settling time: 2.097
Magnet settling complete
set_dac. change=True
setting magnet DAC
current  : 5.890956
requested: 5.891991
Delta Dac: 0.001034
Checking detector protection. dv=0.00103
Checking detector "CDD". Protection Threshold: 0.1 (V)
SetMagnetDAC 5.8919909019 ===>> OK
Magnet settling time: 2.097
Magnet settling complete
set_dac. change=True
setting magnet DAC
current  : 5.891991
requested: 5.893025
Delta Dac: 0.001034
Checking detector protection. dv=0.00103
Checking detector "CDD". Protection Threshold: 0.1 (V)
SetMagnetDAC 5.89302538466 ===>> OK
Magnet settling time: 2.097
Magnet settling complete
set_dac. change=True
result of _do_sweep=True
result of _calculate_peak_center=([5.870269873633811, 5.8780554447760958, 5.8858410159183805], [102.49596603204735, 138.18478132942977, 102.22752395901863], 5.8785364066999426, 138.18478132942977)
Failed to find a valid peak. No peak greater than 1.0. max = 0.13491200989
new center pos Detector(H1) (Ar40) @ 5.87805544478
GetHighVoltage ===>> 4499.94659342336
GetDeflection H1 ===>> 0
dac uncorrected for HV and deflection 5.8780900603
update mftable H1 Ar40 5.8780900603 message=automated run peakcenter
get initial guess parabolic
get initial guess parabolic
get initial guess parabolic
get initial guess parabolic
get initial guess parabolic
get initial guess parabolic
dump mftable to /Users/jan/PychronDev/setupfiles/spectrometer/mftables/mftable.csv
add to repo msg=modified - automated run peakcenter
sweep finished
locally archiving mftable
setting magnet DAC
current  : 5.893025
requested: 5.878055
Delta Dac: 0.014970
Checking detector protection. dv=0.01497
Checking detector "CDD". Protection Threshold: 0.1 (V)
SetMagnetDAC 5.87805544478 ===>> OK
Magnet settling time: 0.500
Magnet settling complete
set_dac. change=True
Failed to find a valid peak. No peak greater than 1.0. max = 0.13491200989
flush and close file /Users/jan/PychronDev/data/isotopes/3f/456f8b-7f98-4a62-88ff-fc59bb4379d9.h5
finished measure script
executed snippet estimated_duration=226.132928, duration=298.54131794
jan_unknown120_60.py completed successfully
Measurement Finished
15:41:43 -- ******* Measurement Finished *******
Post Measurement Started jan_pump_ms.py
15:41:43 -- ******* Post Measurement Started jan_pump_ms.py *******
testing...
no interpolation path defined
executed snippet estimated_duration=0, duration=2.59876251221e-05
Pumping spectrometer
open () {'name': 'O'}
open name=O desc=---
checking ownership. requestor=129.138.12.150
check software interlocks O
interlocks []
actuate state mode=None-script, software_lock=False
doing actuation None-script open_channel True
Open O ===>> OK
GetIndicatorState O ===>> OK
change switch state (True, True)
update switch state O True args=() kw={} ncanvase=3
15:41:44 -- OPEN   VALVE-O (Jan Ion Pump)
-------------------------- open O () result=[(True, True)]
action=open, ok=True, locked=[False]
executed snippet estimated_duration=0, duration=0.466029882431
jan_pump_ms.py completed successfully
setting _ms_pumptime
Post Measurement Finished
15:41:44 -- ******* Post Measurement Finished *******
$$$$$$$$$$$$$$$$$$$$ state at run end measurement
state changed from measurement to success
post measurement save measured=True aborted=False
Set filtering
setting fod for Ar40= {'filter_outliers': True, 'std_devs': 2, 'iterations': 1}
setting fod for H1= {'filter_outliers': True, 'std_devs': 2, 'iterations': 1}
setting fod for PM41= {'filter_outliers': False, 'std_devs': 2, 'iterations': 1}
setting fod for H2= {'filter_outliers': True, 'std_devs': 2, 'iterations': 1}
setting fod for Ar36= {'filter_outliers': True, 'std_devs': 2, 'iterations': 1}
setting fod for CDD= {'filter_outliers': True, 'std_devs': 10, 'iterations': 1}
setting fod for Ar37= {'filter_outliers': True, 'std_devs': 2, 'iterations': 1}
setting fod for L2= {'filter_outliers': True, 'std_devs': 2, 'iterations': 1}
setting fod for Ar38= {'filter_outliers': True, 'std_devs': 2, 'iterations': 1}
setting fod for L1= {'filter_outliers': True, 'std_devs': 2, 'iterations': 1}
setting fod for Ar39= {'filter_outliers': True, 'std_devs': 2, 'iterations': 1}
setting fod for AX= {'filter_outliers': True, 'std_devs': 2, 'iterations': 1}
persistence save...
persistence save - db
post measurement save
8435519312 connecting to database sqlite:////Users/jan/PychronDev/.appdata/local_lab.db
connected to db sqlite:////Users/jan/PychronDev/.appdata/local_lab.db
create new session 8435519312
close session 8435519312
No database instance. Not saving post measurement to isotopedb database
$$$$$$$$$$$$$$$ auto_save_detector_ic=False
massspec enabled True
create new session 5071632912
MassSpec Database Version: 16.0
close session 5071632912
saving post measurement to secondary database
saving to massspec database 129.138.12.160/massspecdata
setting labnumber to 65706
setting aliquot to 1
setting step to F
setting uuid to 3f456f8b-7f98-4a62-88ff-fc59bb4379d9
setting irradpos to 65706
setting extract_device to Fusions Diode
setting tray to 
setting position to 15
setting power_requested to 1.9
setting extract_value to 1.9
setting duration to 40.0
setting duration_at_request to 40.0
setting first_stage_delay to 40.0
setting cleanup to 120.0
setting comment to 7.55 mg
setting irradiation to NM-290
setting level to L
setting irradiation_level to L
setting sample to 16L-67
setting material to GroundmassConcentrate
setting project to LipmanDulceDikes
setting mass_spectrometer to Jan
no attribute chron_dosages
no attribute production_ratios
no attribute interference_corrections
no attribute production_name
no attribute j
Reference Isotope=Ar40
Reference Detector=H1
%%%%%%%%%%%%%%%%%%%% Comment: 7.55 mg %%%%%%%%%%%%%%%%%%%
adding isotope PM41 H2
add baseline dbdet= PM41. original det= H2
get baseline data PM41 H2
Get data baseline <pychron.processing.isotope.Baseline object at 0x1fe1aacd0> len t=60
baseline PM41. v=-0.193954455311, e=0.00726982862761
get signal data PM41 H2
Get data signal PM41 0.07+/-0.08 len t=120
adding isotope Ar40 H1
add baseline dbdet= Ar40. original det= H1
get baseline data Ar40 H1
Get data baseline <pychron.processing.isotope.Baseline object at 0x1fe1aae90> len t=60
baseline Ar40. v=-0.0278119074555, e=0.017064724624
get signal data Ar40 H1
Get data signal Ar40 149.36+/-0.04 len t=120
adding isotope Ar39 AX
add baseline dbdet= Ar39. original det= AX
get baseline data Ar39 AX
Get data baseline <pychron.processing.isotope.Baseline object at 0x1fe1ba090> len t=60
baseline Ar39. v=-0.0679212351075, e=0.00672623119536
get signal data Ar39 AX
Get data signal Ar39 27.228+/-0.016 len t=120
adding isotope Ar38 L1
add baseline dbdet= Ar38. original det= L1
get baseline data Ar38 L1
Get data baseline <pychron.processing.isotope.Baseline object at 0x1fe1ba250> len t=60
baseline Ar38. v=-0.021620013262, e=0.00269784065394
get signal data Ar38 L1
Get data signal Ar38 0.409+/-0.005 len t=120
adding isotope Ar37 L2
add baseline dbdet= Ar37. original det= L2
get baseline data Ar37 L2
Get data baseline <pychron.processing.isotope.Baseline object at 0x1fe1ba410> len t=60
baseline Ar37. v=-0.0224899404106, e=0.00611530727505
get signal data Ar37 L2
Get data signal Ar37 39.744+/-0.016 len t=120
adding isotope Ar36 CDD
add baseline dbdet= Ar36. original det= CDD
get baseline data Ar36 CDD
Get data baseline <pychron.processing.isotope.Baseline object at 0x1fe1ba5d0> len t=60
baseline Ar36. v=3.96974430817e-05, e=9.92436078848e-06
get signal data Ar36 CDD
Get data signal Ar36 0.1409+/-0.0009 len t=120
65706-01F added analysis time 0.536293983459s
analysis added to mass spec database
mass spec save time= 0.555
persistence save - dvc
================= post measurement started
create new session 4995497616
close session 4995497616
---------------- Experiment Queue saving disabled
DVC saving peakcenter
Failed to find a valid peak. No peak greater than 1.0. max = 0.13491200989
Smart pull ahead: 0 behind: 0
Up-to-date with origin
add to repo msg=modified - ad8224ebc6dbfeb9f5997218dfa5fe690569839d.json
add to repo msg=modified - 06-01F.json
add to repo msg=modified - 06-01F.dat.json
add to repo msg=modified - 06-01F.blan.json
add to repo msg=modified - 06-01F.inte.json
add to repo msg=modified - 06-01F.icfa.json
add to repo msg=modified - 06-01F.base.json
not at valid file /Users/jan/PychronDev/data/.dvc/repositories/Load1799_LipmanDulceDikes/657/tags/06-01F.tags.json
add to repo msg=modified - 06-01F.peak.json
add to repo msg=modified - 06-01F.extr.json
not at valid file /Users/jan/PychronDev/data/.dvc/repositories/Load1799_LipmanDulceDikes/657/monitor/06-01F.moni.json
commit message=<COLLECTION>
add to repo msg=modified - 06-01F.inte.json
add to repo msg=modified - 06-01F.base.json
commit message=<ISOEVO> default collection fits
add to repo msg=modified - 06-01F.blan.json
commit message=<BLANKS> preceding bu-FD-J-71
add to repo msg=modified - 06-01F.icfa.json
commit message=<ICFactor> default
push repository <pychron.git_archive.repo_manager.GitRepoManager object at 0x1ed4265f0>
pushing to remote=origin, url=https://github.com
no changes to meta repo
create new session 4995497616
add association Load1799_LipmanDulceDikes
get identifier "65706"
setting analysis irradiation position=<pychron.dvc.dvc_orm.IrradiationPositionTbl object at 0x1f6c955d0>
close session 4995497616
================= post measurement finished
15:41:56 -- ******* Post Run Check *******
loading queue conditionals post_run_actions
loading system conditionals post_run_actions
loading conditionals from /Users/jan/PychronDev/setupfiles/spectrometer/default_conditionals.yaml
loading queue conditionals post_run_terminations
loading system conditionals post_run_terminations
loading conditionals from /Users/jan/PychronDev/setupfiles/spectrometer/default_conditionals.yaml
Checking default post run terminations n=1
GetDeflection CDD ===>> 50
testing CDD==2000
evaluate ot="CDD.deflection==2000" t="CDD==2000", ctx="{'CDD': 50.0}"
15:41:56 -- ******* Post Run Check Passed *******
15:41:56 -- Automated run 65706-01F success duration: 530.334 s
----------------- finish -----------------
----------------- stop -----------------
retroactive repository identifiers disabled
finish run. runs completed=47
update duration runid=65706-01F, duration=530.334107876, md5=64243f32
loading script "jan_unknown120_60.py"
loading script "jan_pump_ms.py"
loading script "jan_diode.py"
loading script "jan_pump_extraction_line.py"
testing...
no interpolation path defined
executed snippet estimated_duration=213.652928, duration=0.000250101089478
script duration name:unknown120_60 seconds:214.0
loading script "jan_unknown120_60.py"
loading script "jan_pump_ms.py"
loading script "jan_diode.py"
loading script "jan_pump_extraction_line.py"
testing...
no interpolation path defined
executed snippet estimated_duration=0, duration=4.19616699219e-05
loading script "jan_unknown120_60.py"
loading script "jan_pump_ms.py"
loading script "jan_diode.py"
loading script "jan_pump_extraction_line.py"
testing...
no interpolation path defined
calculate duration
testing...
no interpolation path defined
executed snippet estimated_duration=0, duration=0.000162124633789
calculate duration
testing...
no interpolation path defined
executed snippet estimated_duration=0, duration=2.19345092773e-05
calculate duration
testing...
no interpolation path defined
executed snippet estimated_duration=64.0, duration=0.000163078308105
calculate duration
testing...
no interpolation path defined
executed snippet estimated_duration=2.0, duration=6.91413879395e-05
executed snippet estimated_duration=66.0, duration=0.00552988052368
script duration name:diode seconds:66.0
loading script "jan_unknown120_60.py"
loading script "jan_pump_ms.py"
loading script "jan_diode.py"
loading script "jan_pump_extraction_line.py"
testing...
no interpolation path defined
calculate duration
testing...
no interpolation path defined
executed snippet estimated_duration=4.0, duration=0.000148057937622
executed snippet estimated_duration=4.0, duration=0.00127387046814
Script duration 280.0
Run total estimated duration= 281.000
unknown120_60 in script context. using previous estimated duration
script duration name:unknown120_60 seconds:214.0
pump_ms in script context. using previous estimated duration
diode in script context. using previous estimated duration
script duration name:diode seconds:66.0
pump_extraction_line in script context. using previous estimated duration
Script duration 280.0
Run total estimated duration= 281.000
script duration name:unknown120_60 seconds:214.0
script duration name:diode seconds:66.0
Script duration 280.0
Run total estimated duration= 281.000
script duration name:unknown120_60 seconds:214.0
script duration name:diode seconds:66.0
Script duration 280.0
Run total estimated duration= 281.000
script duration name:unknown120_60 seconds:214.0
script duration name:diode seconds:66.0
Script duration 280.0
Run total estimated duration= 281.000
script duration name:unknown120_60 seconds:214.0
script duration name:diode seconds:66.0
Script duration 280.0
Run total estimated duration= 281.000
script duration name:unknown120_60 seconds:214.0
script duration name:diode seconds:66.0
Script duration 280.0
Run total estimated duration= 281.000
loading script "jan_unknown400_120.py"
loading script "jan_pump_ms.py"
loading script "jan_sniffair_x2.py"
loading script "jan_pump_extraction_line.py"
testing...
no interpolation path defined
executed snippet estimated_duration=556.052928, duration=0.0001540184021
script duration name:unknown400_120 seconds:556.0
loading script "jan_unknown400_120.py"
loading script "jan_pump_ms.py"
loading script "jan_sniffair_x2.py"
loading script "jan_pump_extraction_line.py"
testing...
no interpolation path defined
calculate duration
testing...
no interpolation path defined
executed snippet estimated_duration=0, duration=5.10215759277e-05
calculate duration
testing...
no interpolation path defined
executed snippet estimated_duration=0, duration=9.79900360107e-05
calculate duration
testing...
no interpolation path defined
executed snippet estimated_duration=32.0, duration=9.20295715332e-05
calculate duration
testing...
no interpolation path defined
executed snippet estimated_duration=34.0, duration=0.000230073928833
calculate duration
testing...
no interpolation path defined
executed snippet estimated_duration=4.0, duration=0.00169706344604
calculate duration
testing...
no interpolation path defined
executed snippet estimated_duration=36.0, duration=9.51290130615e-05
calculate duration
testing...
no interpolation path defined
executed snippet estimated_duration=34.0, duration=0.000123023986816
calculate duration
testing...
no interpolation path defined
executed snippet estimated_duration=4.0, duration=7.48634338379e-05
calculate duration
testing...
no interpolation path defined
executed snippet estimated_duration=36.0, duration=8.98838043213e-05
calculate duration
testing...
no interpolation path defined
executed snippet estimated_duration=70.0, duration=0.000107049942017
executed snippet estimated_duration=250.0, duration=0.0256688594818
script duration name:sniffair_x2 seconds:250.0
Script duration 806.0
Run total estimated duration= 807.000
unknown400_120 in script context. using previous estimated duration
script duration name:unknown400_120 seconds:556.0
sniffair_x2 in script context. using previous estimated duration
script duration name:sniffair_x2 seconds:250.0
Script duration 806.0
Run total estimated duration= 807.000
script duration name:unknown400_120 seconds:556.0
loading script "jan_unknown400_120.py"
loading script "jan_pump_ms.py"
loading script "jan_cocktail_x1.py"
loading script "jan_pump_extraction_line.py"
testing...
no interpolation path defined
calculate duration
testing...
no interpolation path defined
executed snippet estimated_duration=0, duration=4.41074371338e-05
calculate duration
testing...
no interpolation path defined
executed snippet estimated_duration=0, duration=0.000109910964966
calculate duration
testing...
no interpolation path defined
executed snippet estimated_duration=32.0, duration=0.000118017196655
calculate duration
testing...
no interpolation path defined
executed snippet estimated_duration=34.0, duration=9.48905944824e-05
calculate duration
testing...
no interpolation path defined
executed snippet estimated_duration=4.0, duration=8.10623168945e-05
calculate duration
testing...
no interpolation path defined
executed snippet estimated_duration=38.0, duration=0.000113964080811
executed snippet estimated_duration=108.0, duration=0.00868105888367
script duration name:cocktail_x1 seconds:108.0
Script duration 664.0
Run total estimated duration= 665.000
script duration name:unknown400_120 seconds:556.0
cocktail_x1 in script context. using previous estimated duration
script duration name:cocktail_x1 seconds:108.0
Script duration 664.0
Run total estimated duration= 665.000
script duration name:unknown400_120 seconds:556.0
script duration name:diode seconds:66.0
Script duration 622.0
Run total estimated duration= 623.000
script duration name:unknown120_60 seconds:214.0
script duration name:diode seconds:66.0
Script duration 280.0
Run total estimated duration= 281.000
script duration name:unknown120_60 seconds:214.0
script duration name:diode seconds:66.0
Script duration 280.0
Run total estimated duration= 281.000
script duration name:unknown120_60 seconds:214.0
script duration name:diode seconds:66.0
Script duration 280.0
Run total estimated duration= 281.000
script duration name:unknown120_60 seconds:214.0
script duration name:diode seconds:66.0
Script duration 280.0
Run total estimated duration= 281.000
script duration name:unknown120_60 seconds:214.0
script duration name:diode seconds:66.0
Script duration 280.0
Run total estimated duration= 281.000
script duration name:unknown120_60 seconds:214.0
script duration name:diode seconds:66.0
Script duration 280.0
Run total estimated duration= 281.000
script duration name:unknown120_60 seconds:214.0
script duration name:diode seconds:66.0
Script duration 280.0
Run total estimated duration= 281.000
script duration name:unknown120_60 seconds:214.0
script duration name:diode seconds:66.0
Script duration 280.0
Run total estimated duration= 281.000
script duration name:unknown120_60 seconds:214.0
script duration name:diode seconds:66.0
Script duration 280.0
Run total estimated duration= 281.000
script duration name:unknown120_60 seconds:214.0
script duration name:diode seconds:66.0
Script duration 280.0
Run total estimated duration= 281.000
script duration name:unknown120_60 seconds:214.0
script duration name:diode seconds:66.0
Script duration 280.0
Run total estimated duration= 281.000
script duration name:unknown120_60 seconds:214.0
script duration name:diode seconds:66.0
Script duration 280.0
Run total estimated duration= 281.000
script duration name:unknown120_60 seconds:214.0
script duration name:diode seconds:66.0
Script duration 280.0
Run total estimated duration= 281.000
script duration name:unknown400_120 seconds:556.0
script duration name:sniffair_x2 seconds:250.0
Script duration 806.0
Run total estimated duration= 807.000
script duration name:unknown400_120 seconds:556.0
script duration name:sniffair_x2 seconds:250.0
Script duration 806.0
Run total estimated duration= 807.000
script duration name:unknown400_120 seconds:556.0
script duration name:cocktail_x1 seconds:108.0
Script duration 664.0
Run total estimated duration= 665.000
script duration name:unknown400_120 seconds:556.0
script duration name:cocktail_x1 seconds:108.0
Script duration 664.0
Run total estimated duration= 665.000
script duration name:unknown400_120 seconds:556.0
script duration name:diode seconds:66.0
Script duration 622.0
Run total estimated duration= 623.000
script duration name:unknown120_60 seconds:214.0
script duration name:diode seconds:66.0
Script duration 280.0
Run total estimated duration= 281.000
script duration name:unknown120_60 seconds:214.0
script duration name:diode seconds:66.0
Script duration 280.0
Run total estimated duration= 281.000
script duration name:unknown120_60 seconds:214.0
script duration name:diode seconds:66.0
Script duration 280.0
Run total estimated duration= 281.000
script duration name:unknown120_60 seconds:214.0
script duration name:diode seconds:66.0
Script duration 280.0
Run total estimated duration= 281.000
script duration name:unknown120_60 seconds:214.0
script duration name:diode seconds:66.0
Script duration 280.0
Run total estimated duration= 281.000
script duration name:unknown120_60 seconds:214.0
script duration name:diode seconds:66.0
Script duration 280.0
Run total estimated duration= 281.000
script duration name:unknown120_60 seconds:214.0
script duration name:diode seconds:66.0
Script duration 280.0
Run total estimated duration= 281.000
script duration name:unknown120_60 seconds:214.0
script duration name:diode seconds:66.0
Script duration 280.0
Run total estimated duration= 281.000
script duration name:unknown120_60 seconds:214.0
script duration name:diode seconds:66.0
Script duration 280.0
Run total estimated duration= 281.000
script duration name:unknown120_60 seconds:214.0
script duration name:diode seconds:66.0
Script duration 280.0
Run total estimated duration= 281.000
script duration name:unknown120_60 seconds:214.0
script duration name:diode seconds:66.0
Script duration 280.0
Run total estimated duration= 281.000
script duration name:unknown120_60 seconds:214.0
script duration name:diode seconds:66.0
Script duration 280.0
Run total estimated duration= 281.000
script duration name:unknown120_60 seconds:214.0
script duration name:diode seconds:66.0
Script duration 280.0
Run total estimated duration= 281.000
script duration name:unknown400_120 seconds:556.0
script duration name:sniffair_x2 seconds:250.0
Script duration 806.0
Run total estimated duration= 807.000
script duration name:unknown400_120 seconds:556.0
script duration name:sniffair_x2 seconds:250.0
Script duration 806.0
Run total estimated duration= 807.000
script duration name:unknown400_120 seconds:556.0
script duration name:cocktail_x1 seconds:108.0
Script duration 664.0
Run total estimated duration= 665.000
script duration name:unknown400_120 seconds:556.0
script duration name:cocktail_x1 seconds:108.0
Script duration 664.0
Run total estimated duration= 665.000
script duration name:unknown400_120 seconds:556.0
script duration name:diode seconds:66.0
Script duration 622.0
Run total estimated duration= 623.000
script duration name:unknown120_60 seconds:214.0
script duration name:diode seconds:66.0
Script duration 280.0
Run total estimated duration= 281.000
script duration name:unknown120_60 seconds:214.0
script duration name:diode seconds:66.0
Script duration 280.0
Run total estimated duration= 281.000
script duration name:unknown120_60 seconds:214.0
script duration name:diode seconds:66.0
Script duration 280.0
Run total estimated duration= 281.000
script duration name:unknown120_60 seconds:214.0
script duration name:diode seconds:66.0
Script duration 280.0
Run total estimated duration= 281.000
script duration name:unknown120_60 seconds:214.0
script duration name:diode seconds:66.0
Script duration 280.0
Run total estimated duration= 281.000
script duration name:unknown120_60 seconds:214.0
script duration name:diode seconds:66.0
Script duration 280.0
Run total estimated duration= 281.000
script duration name:unknown120_60 seconds:214.0
script duration name:diode seconds:66.0
Script duration 280.0
Run total estimated duration= 281.000
script duration name:unknown120_60 seconds:214.0
script duration name:diode seconds:66.0
Script duration 280.0
Run total estimated duration= 281.000
script duration name:unknown120_60 seconds:214.0
script duration name:diode seconds:66.0
Script duration 280.0
Run total estimated duration= 281.000
script duration name:unknown120_60 seconds:214.0
script duration name:diode seconds:66.0
Script duration 280.0
Run total estimated duration= 281.000
script duration name:unknown120_60 seconds:214.0
script duration name:diode seconds:66.0
Script duration 280.0
Run total estimated duration= 281.000
script duration name:unknown120_60 seconds:214.0
script duration name:diode seconds:66.0
Script duration 280.0
Run total estimated duration= 281.000
script duration name:unknown120_60 seconds:214.0
script duration name:diode seconds:66.0
Script duration 280.0
Run total estimated duration= 281.000
script duration name:unknown400_120 seconds:556.0
script duration name:sniffair_x2 seconds:250.0
Script duration 806.0
Run total estimated duration= 807.000
script duration name:unknown400_120 seconds:556.0
script duration name:sniffair_x2 seconds:250.0
Script duration 806.0
Run total estimated duration= 807.000
script duration name:unknown400_120 seconds:556.0
script duration name:cocktail_x1 seconds:108.0
Script duration 664.0
Run total estimated duration= 665.000
script duration name:unknown400_120 seconds:556.0
script duration name:cocktail_x1 seconds:108.0
Script duration 664.0
Run total estimated duration= 665.000
script duration name:unknown400_120 seconds:556.0
script duration name:diode seconds:66.0
Script duration 622.0
Run total estimated duration= 623.000
script duration name:unknown120_60 seconds:214.0
script duration name:diode seconds:66.0
Script duration 280.0
Run total estimated duration= 281.000
script duration name:unknown120_60 seconds:214.0
script duration name:diode seconds:66.0
Script duration 280.0
Run total estimated duration= 281.000
script duration name:unknown120_60 seconds:214.0
script duration name:diode seconds:66.0
Script duration 280.0
Run total estimated duration= 281.000
script duration name:unknown120_60 seconds:214.0
script duration name:diode seconds:66.0
Script duration 280.0
Run total estimated duration= 281.000
script duration name:unknown120_60 seconds:214.0
script duration name:diode seconds:66.0
Script duration 280.0
Run total estimated duration= 281.000
script duration name:unknown120_60 seconds:214.0
script duration name:diode seconds:66.0
Script duration 280.0
Run total estimated duration= 281.000
script duration name:unknown120_60 seconds:214.0
script duration name:diode seconds:66.0
Script duration 280.0
Run total estimated duration= 281.000
script duration name:unknown120_60 seconds:214.0
script duration name:diode seconds:66.0
Script duration 280.0
Run total estimated duration= 281.000
script duration name:unknown120_60 seconds:214.0
script duration name:diode seconds:66.0
Script duration 280.0
Run total estimated duration= 281.000
script duration name:unknown120_60 seconds:214.0
script duration name:diode seconds:66.0
Script duration 280.0
Run total estimated duration= 281.000
script duration name:unknown120_60 seconds:214.0
script duration name:diode seconds:66.0
Script duration 280.0
Run total estimated duration= 281.000
script duration name:unknown120_60 seconds:214.0
script duration name:diode seconds:66.0
Script duration 280.0
Run total estimated duration= 281.000
script duration name:unknown120_60 seconds:214.0
script duration name:diode seconds:66.0
Script duration 280.0
Run total estimated duration= 281.000
script duration name:unknown400_120 seconds:556.0
script duration name:diode seconds:66.0
Script duration 622.0
Run total estimated duration= 623.000
script duration name:unknown400_120 seconds:556.0
script duration name:sniffair_x2 seconds:250.0
Script duration 806.0
Run total estimated duration= 807.000
script duration name:unknown400_120 seconds:556.0
script duration name:sniffair_x2 seconds:250.0
Script duration 806.0
Run total estimated duration= 807.000
script duration name:unknown400_120 seconds:556.0
script duration name:cocktail_x1 seconds:108.0
Script duration 664.0
Run total estimated duration= 665.000
script duration name:unknown400_120 seconds:556.0
script duration name:cocktail_x1 seconds:108.0
Script duration 664.0
Run total estimated duration= 665.000
nruns=84 before=5.0, run_dur=34414.0, btw=2490.0
write rem/ex queues
/Users/jan/PychronDev/experiments/rem/Load1799_Zimmerer.rem.txt
/Users/jan/PychronDev/experiments/rem/Load1799_Zimmerer.ex.txt
doing event level: 3
