do run
loading script "jan_unknown400_120.py"
loading script "jan_pump_ms.py"
loading script "jan_diode.py"
loading script "jan_pump_extraction_line.py"
testing...
no interpolation path defined
executed snippet estimated_duration=556.052928, duration=0.000386953353882
script duration name:unknown400_120 seconds:556.0
loading script "jan_unknown400_120.py"
loading script "jan_pump_ms.py"
loading script "jan_diode.py"
loading script "jan_pump_extraction_line.py"
testing...
no interpolation path defined
executed snippet estimated_duration=0, duration=3.81469726562e-05
loading script "jan_unknown400_120.py"
loading script "jan_pump_ms.py"
loading script "jan_diode.py"
loading script "jan_pump_extraction_line.py"
testing...
no interpolation path defined
calculate duration
testing...
no interpolation path defined
executed snippet estimated_duration=0, duration=0.000219106674194
calculate duration
testing...
no interpolation path defined
executed snippet estimated_duration=0, duration=2.59876251221e-05
calculate duration
testing...
no interpolation path defined
executed snippet estimated_duration=64.0, duration=9.3936920166e-05
calculate duration
testing...
no interpolation path defined
executed snippet estimated_duration=2.0, duration=7.48634338379e-05
executed snippet estimated_duration=66.0, duration=0.00687503814697
script duration name:diode seconds:66.0
loading script "jan_unknown400_120.py"
loading script "jan_pump_ms.py"
loading script "jan_diode.py"
loading script "jan_pump_extraction_line.py"
testing...
no interpolation path defined
calculate duration
testing...
no interpolation path defined
executed snippet estimated_duration=4.0, duration=0.000146150588989
executed snippet estimated_duration=4.0, duration=0.00118589401245
Script duration 622.0
Run total estimated duration= 623.000
run duration: 0:10:23
doing event level: 2
14:30:27 -- Setting default integration. t=1.048576
setting integration time = 1.048576
SetIntegrationTime 1.048576 ===>> OK
----------------- start -----------------
**************** Experiment Type: Ar/Ar, Ar/Ar
create new session 4999229264
close session 4999229264
$$$$$ Clearing conditionals
adding conditionals 
Add queue conditionals
add default conditionals
adding default conditionals from /Users/jan/PychronDev/setupfiles/spectrometer/default_conditionals.yaml
Start automated run bu-FD-J-71
loading script "jan_unknown400_120.py"
loading script "jan_pump_ms.py"
loading script "jan_diode.py"
loading script "jan_pump_extraction_line.py"
%%%%%%%%%%%%%%%%%% setting automated run bu-FD-J-71
No value "sensitivity_multiplier" in metadata
$$$$$$$$$$$$$$$ auto_save_detector_ic=False
============================= Pre Extraction Check =============================
loading queue conditionals pre_run_terminations
loading system conditionals pre_run_terminations
loading conditionals from /Users/jan/PychronDev/setupfiles/spectrometer/default_conditionals.yaml
14:30:27 -- ******* Pre Extraction Check *******
Get a measurement from the spectrometer
Pre Extraction Termination data. keys=H2,H1,AX,L1,L2,CDD, signals=-0.10476,0.11830,-0.07340,-0.01634,0.10535,0.00417
14:30:27 -- testing system defined conditionals
Checking default pre extraction terminations n=2
testing CDD
evaluate ot="CDD.inactive" t="CDD", ctx="{'CDD': False}"
GetDeflection CDD ===>> 50
testing CDD==2000
evaluate ot="CDD.deflection==2000" t="CDD==2000", ctx="{'CDD': 50.0}"
14:30:27 -- ******* Pre Extraction Check Passed *******
=================================================================================
14:30:27 -- stopping status monitor
stop 5070482224
Alive clients [4995911120]
14:30:27 -- starting status monitor
start 5070482224
Monitor already running
start extraction
do extraction
Analysis started at 14:30:27.895488
Extraction Started jan_diode.py
14:30:27 -- ******* Extraction Started jan_diode.py *******
state changed from not run to extraction
DO EXTRACTION <pychron.extraction_line.pyscript_runner.RemotePyScriptRunner object at 0x129c78650>
testing...
no interpolation path defined
calculate duration
testing...
no interpolation path defined
executed snippet estimated_duration=0, duration=0.000175952911377
calculate duration
testing...
no interpolation path defined
executed snippet estimated_duration=0, duration=2.40802764893e-05
calculate duration
testing...
no interpolation path defined
executed snippet estimated_duration=64.0, duration=9.70363616943e-05
calculate duration
testing...
no interpolation path defined
executed snippet estimated_duration=2.0, duration=5.79357147217e-05
executed snippet estimated_duration=386.0, duration=0.00686478614807
Jan unknown diode laser analysis
set_motor ('beam', '') {}
setting motor "beam" to 
doing GOSUB
testing...
no interpolation path defined
executed snippet estimated_duration=0, duration=0.000119924545288
Prepare for Diode analysis on Jan via minibone
close () {'description': 'Jan Inlet'}
close name=--- desc=Jan Inlet
checking ownership. requestor=129.138.12.150
check software interlocks R
interlocks []
actuate state mode=None-script, software_lock=False
doing actuation None-script close_channel False
Close R ===>> OK
GetIndicatorState R ===>> False
change switch state (True, True)
update switch state R False args=() kw={} ncanvase=3
14:30:28 -- CLOSE  VALVE-R (Jan Inlet)
-------------------------- close None (Jan Inlet) result=[(True, True)]
action=close, ok=True, locked=[False]
open () {'description': 'Jan Ion Pump'}
open name=--- desc=Jan Ion Pump
checking ownership. requestor=129.138.12.150
check software interlocks O
interlocks []
actuate state mode=None-script, software_lock=False
doing actuation None-script open_channel False
Open O ===>> OK
GetIndicatorState O ===>> OK
change switch state (True, True)
update switch state O True args=() kw={} ncanvase=3
14:30:28 -- OPEN   VALVE-O (Jan Ion Pump)
-------------------------- open None (Jan Ion Pump) result=[(True, True)]
action=open, ok=True, locked=[False]
open () {'description': 'Microbone to Inlet Pipette'}
open name=--- desc=Microbone to Inlet Pipette
checking ownership. requestor=129.138.12.150
check software interlocks S
interlocks []
actuate state mode=None-script, software_lock=False
doing actuation None-script open_channel False
Open S ===>> OK
GetIndicatorState S ===>> OK
change switch state (True, True)
update switch state S True args=() kw={} ncanvase=3
14:30:29 -- OPEN   VALVE-S (Microbone to Inlet Pipette)
-------------------------- open None (Microbone to Inlet Pipette) result=[(True, True)]
action=open, ok=True, locked=[False]
close () {'description': 'Microbone to Minibone'}
close name=--- desc=Microbone to Minibone
checking ownership. requestor=129.138.12.150
check software interlocks L
interlocks []
actuate state mode=None-script, software_lock=False
doing actuation None-script close_channel False
Close L ===>> OK
GetIndicatorState L ===>> False
change switch state (True, True)
update switch state L False args=() kw={} ncanvase=3
14:30:30 -- CLOSE  VALVE-L (Microbone to Minibone)
-------------------------- close None (Microbone to Minibone) result=[(True, True)]
action=close, ok=True, locked=[False]
open () {'description': 'Microbone to Getter D-50'}
open name=--- desc=Microbone to Getter D-50
checking ownership. requestor=129.138.12.150
check software interlocks K
interlocks []
actuate state mode=None-script, software_lock=False
doing actuation None-script open_channel False
Open K ===>> OK
GetIndicatorState K ===>> OK
change switch state (True, True)
update switch state K True args=() kw={} ncanvase=3
14:30:30 -- OPEN   VALVE-K (Microbone to Getter D-50)
-------------------------- open None (Microbone to Getter D-50) result=[(True, True)]
action=open, ok=True, locked=[False]
open () {'description': 'Microbone to Getter NP-10'}
open name=--- desc=Microbone to Getter NP-10
checking ownership. requestor=129.138.12.150
check software interlocks M
interlocks []
actuate state mode=None-script, software_lock=False
doing actuation None-script open_channel False
Open M ===>> OK
GetIndicatorState M ===>> OK
change switch state (True, True)
update switch state M True args=() kw={} ncanvase=3
14:30:31 -- OPEN   VALVE-M (Microbone to Getter NP-10)
-------------------------- open None (Microbone to Getter NP-10) result=[(True, True)]
action=open, ok=True, locked=[False]
close () {'description': 'CO2 Laser to Felix'}
close name=--- desc=CO2 Laser to Felix
checking ownership. requestor=129.138.12.150
check software interlocks F
interlocks []
actuate state mode=None-script, software_lock=True
VALVE-F(CO2 Laser to Felix) software locked
change switch state (True, False)
-------------------------- close None (CO2 Laser to Felix) result=[(True, False)]
action=close, ok=True, locked=[True]
close () {'description': 'CO2 Laser to Jan'}
close name=--- desc=CO2 Laser to Jan
checking ownership. requestor=129.138.12.150
check software interlocks A
interlocks []
actuate state mode=None-script, software_lock=False
doing actuation None-script close_channel True
Close A ===>> OK
GetIndicatorState A ===>> False
change switch state (True, True)
update switch state A False args=() kw={} ncanvase=3
14:30:31 -- CLOSE  VALVE-A (CO2 Laser to Jan)
-------------------------- close None (CO2 Laser to Jan) result=[(True, True)]
action=close, ok=True, locked=[False]
close () {'description': 'Microbone to CO2 Laser'}
close name=--- desc=Microbone to CO2 Laser
checking ownership. requestor=129.138.12.150
check software interlocks T
interlocks []
actuate state mode=None-script, software_lock=False
doing actuation None-script close_channel True
Close T ===>> OK
GetIndicatorState T ===>> False
change switch state (True, True)
update switch state T False args=() kw={} ncanvase=3
14:30:32 -- CLOSE  VALVE-T (Microbone to CO2 Laser)
-------------------------- close None (Microbone to CO2 Laser) result=[(True, True)]
action=close, ok=True, locked=[False]
open () {'description': 'Microbone to Turbo'}
open name=--- desc=Microbone to Turbo
checking ownership. requestor=129.138.12.150
check software interlocks U
interlocks []
actuate state mode=None-script, software_lock=False
doing actuation None-script open_channel False
Open U ===>> OK
GetIndicatorState U ===>> OK
change switch state (True, True)
update switch state U True args=() kw={} ncanvase=3
14:30:33 -- OPEN   VALVE-U (Microbone to Turbo)
-------------------------- open None (Microbone to Turbo) result=[(True, True)]
action=open, ok=True, locked=[False]
close () {'description': 'Outer Pipette 1'}
close name=--- desc=Outer Pipette 1
checking ownership. requestor=129.138.12.150
check software interlocks W
interlocks ['X']
actuate state mode=None-script, software_lock=False
doing actuation None-script close_channel False
Close W ===>> OK
GetIndicatorState W ===>> False
change switch state (True, True)
update switch state W False args=() kw={} ncanvase=3
14:30:33 -- CLOSE  VALVE-W (Outer Pipette 1)
-------------------------- close None (Outer Pipette 1) result=[(True, True)]
action=close, ok=True, locked=[False]
close () {'description': 'Outer Pipette 2'}
close name=--- desc=Outer Pipette 2
checking ownership. requestor=129.138.12.150
check software interlocks Y
interlocks ['Z']
actuate state mode=None-script, software_lock=False
doing actuation None-script close_channel False
Close Y ===>> OK
GetIndicatorState Y ===>> False
change switch state (True, True)
update switch state Y False args=() kw={} ncanvase=3
14:30:34 -- CLOSE  VALVE-Y (Outer Pipette 2)
-------------------------- close None (Outer Pipette 2) result=[(True, True)]
action=close, ok=True, locked=[False]
open () {'description': 'Bone to Minibone'}
open name=--- desc=Bone to Minibone
checking ownership. requestor=129.138.12.150
check software interlocks E
interlocks []
actuate state mode=None-script, software_lock=False
doing actuation None-script open_channel True
Open E ===>> OK
GetIndicatorState E ===>> OK
change switch state (True, True)
update switch state E True args=() kw={} ncanvase=3
14:30:34 -- OPEN   VALVE-E (Bone to Minibone)
-------------------------- open None (Bone to Minibone) result=[(True, True)]
action=open, ok=True, locked=[False]
open () {'description': 'Bone to Getter GP-50'}
open name=--- desc=Bone to Getter GP-50
checking ownership. requestor=129.138.12.150
check software interlocks N
interlocks []
actuate state mode=None-script, software_lock=False
doing actuation None-script open_channel False
Open N ===>> OK
GetIndicatorState N ===>> OK
change switch state (True, True)
update switch state N True args=() kw={} ncanvase=3
14:30:35 -- OPEN   VALVE-N (Bone to Getter GP-50)
-------------------------- open None (Bone to Getter GP-50) result=[(True, True)]
action=open, ok=True, locked=[False]
close () {'description': 'Bone to CO2 Laser'}
close name=--- desc=Bone to CO2 Laser
checking ownership. requestor=129.138.12.150
check software interlocks D
interlocks []
actuate state mode=None-script, software_lock=False
doing actuation None-script close_channel True
Close D ===>> OK
GetIndicatorState D ===>> False
change switch state (True, True)
update switch state D False args=() kw={} ncanvase=3
14:30:35 -- CLOSE  VALVE-D (Bone to CO2 Laser)
-------------------------- close None (Bone to CO2 Laser) result=[(True, True)]
action=close, ok=True, locked=[False]
open () {'description': 'Bone to Diode Laser'}
open name=--- desc=Bone to Diode Laser
checking ownership. requestor=129.138.12.150
check software interlocks B
interlocks []
actuate state mode=None-script, software_lock=False
doing actuation None-script open_channel False
Open B ===>> OK
GetIndicatorState B ===>> OK
change switch state (True, True)
update switch state B True args=() kw={} ncanvase=3
14:30:36 -- OPEN   VALVE-B (Bone to Diode Laser)
-------------------------- open None (Bone to Diode Laser) result=[(True, True)]
action=open, ok=True, locked=[False]
open () {'description': 'Bone to Turbo'}
open name=--- desc=Bone to Turbo
checking ownership. requestor=129.138.12.150
check software interlocks C
interlocks []
actuate state mode=None-script, software_lock=False
doing actuation None-script open_channel False
Open C ===>> OK
GetIndicatorState C ===>> OK
change switch state (True, True)
update switch state C True args=() kw={} ncanvase=3
14:30:36 -- OPEN   VALVE-C (Bone to Turbo)
-------------------------- open None (Bone to Turbo) result=[(True, True)]
action=open, ok=True, locked=[False]
close () {'description': 'Quad Inlet'}
close name=--- desc=Quad Inlet
checking ownership. requestor=129.138.12.150
check software interlocks Q
interlocks []
actuate state mode=None-script, software_lock=False
doing actuation None-script close_channel True
Close Q ===>> OK
GetIndicatorState Q ===>> False
change switch state (True, True)
update switch state Q False args=() kw={} ncanvase=3
14:30:37 -- CLOSE  VALVE-Q (Quad Inlet)
-------------------------- close None (Quad Inlet) result=[(True, True)]
action=close, ok=True, locked=[False]
open () {'description': 'Minibone to Bone'}
open name=--- desc=Minibone to Bone
checking ownership. requestor=129.138.12.150
check software interlocks I
interlocks []
actuate state mode=None-script, software_lock=False
doing actuation None-script open_channel False
Open I ===>> OK
GetIndicatorState I ===>> OK
change switch state (True, True)
update switch state I True args=() kw={} ncanvase=3
14:30:37 -- OPEN   VALVE-I (Minibone to Bone)
-------------------------- open None (Minibone to Bone) result=[(True, True)]
action=open, ok=True, locked=[False]
open () {'description': 'Minibone to Turbo'}
open name=--- desc=Minibone to Turbo
checking ownership. requestor=129.138.12.150
check software interlocks P
interlocks []
actuate state mode=None-script, software_lock=False
doing actuation None-script open_channel False
Open P ===>> OK
GetIndicatorState P ===>> OK
change switch state (True, True)
update switch state P True args=() kw={} ncanvase=3
14:30:38 -- OPEN   VALVE-P (Minibone to Turbo)
-------------------------- open None (Minibone to Turbo) result=[(True, True)]
action=open, ok=True, locked=[False]
executed snippet estimated_duration=0, duration=10.6998050213
PrepareForDiodeAnalysis.py completed successfully
gosub finished
doing GOSUB
testing...
no interpolation path defined
executed snippet estimated_duration=0, duration=2.71797180176e-05
Isolate coldfinger
close () {'name': 'B', 'description': 'Bone to Diode Laser'}
close name=B desc=Bone to Diode Laser
checking ownership. requestor=129.138.12.150
check software interlocks B
interlocks []
actuate state mode=None-script, software_lock=False
doing actuation None-script close_channel True
Close B ===>> OK
GetIndicatorState B ===>> False
change switch state (True, True)
update switch state B False args=() kw={} ncanvase=3
14:30:38 -- CLOSE  VALVE-B (Bone to Diode Laser)
-------------------------- close B (Bone to Diode Laser) result=[(True, True)]
action=close, ok=True, locked=[False]
executed snippet estimated_duration=0, duration=0.461893081665
IsolateDiodeColdfinger.py completed successfully
gosub finished
open () {'description': 'Bone to Turbo'}
open name=--- desc=Bone to Turbo
checking ownership. requestor=129.138.12.150
check software interlocks C
interlocks []
actuate state mode=None-script, software_lock=False
doing actuation None-script open_channel False
Open C ===>> OK
GetIndicatorState C ===>> OK
change switch state (True, True)
update switch state C True args=() kw={} ncanvase=3
14:30:39 -- OPEN   VALVE-C (Bone to Turbo)
-------------------------- open None (Bone to Turbo) result=[(True, True)]
action=open, ok=True, locked=[False]
Blank Analyis. No laser heating
sleep (40.0,) {}
SLEEP 40.0
block started
WaitControl setup for 40.0  
Join finished
block finished. duration 40.0919108391
doing GOSUB
testing...
no interpolation path defined
executed snippet estimated_duration=64.0, duration=0.000179052352905
Equilibrate then isolate coldfinger
close () {'name': 'C', 'description': 'Bone to Turbo'}
close name=C desc=Bone to Turbo
checking ownership. requestor=129.138.12.150
check software interlocks C
interlocks []
actuate state mode=None-script, software_lock=False
doing actuation None-script close_channel True
Close C ===>> OK
GetIndicatorState C ===>> False
change switch state (True, True)
update switch state C False args=() kw={} ncanvase=3
14:31:19 -- CLOSE  VALVE-C (Bone to Turbo)
-------------------------- close C (Bone to Turbo) result=[(True, True)]
action=close, ok=True, locked=[False]
close () {'description': 'Microbone to Turbo'}
close name=--- desc=Microbone to Turbo
checking ownership. requestor=129.138.12.150
check software interlocks U
interlocks []
actuate state mode=None-script, software_lock=False
doing actuation None-script close_channel True
Close U ===>> OK
GetIndicatorState U ===>> False
change switch state (True, True)
update switch state U False args=() kw={} ncanvase=3
14:31:20 -- CLOSE  VALVE-U (Microbone to Turbo)
-------------------------- close None (Microbone to Turbo) result=[(True, True)]
action=close, ok=True, locked=[False]
close () {'description': 'Minibone to Turbo'}
close name=--- desc=Minibone to Turbo
checking ownership. requestor=129.138.12.150
check software interlocks P
interlocks []
actuate state mode=None-script, software_lock=False
doing actuation None-script close_channel True
Close P ===>> OK
GetIndicatorState P ===>> False
change switch state (True, True)
update switch state P False args=() kw={} ncanvase=3
14:31:20 -- CLOSE  VALVE-P (Minibone to Turbo)
-------------------------- close None (Minibone to Turbo) result=[(True, True)]
action=close, ok=True, locked=[False]
close () {'description': 'Minibone to Turbo'}
close name=--- desc=Minibone to Turbo
checking ownership. requestor=129.138.12.150
check software interlocks P
interlocks []
actuate state mode=None-script, software_lock=False
doing actuation None-script close_channel False
Close P ===>> OK
GetIndicatorState P ===>> False
change switch state (True, True)
update switch state P False args=() kw={} ncanvase=3
14:31:21 -- CLOSE  VALVE-P (Minibone to Turbo)
-------------------------- close None (Minibone to Turbo) result=[(True, True)]
action=close, ok=True, locked=[False]
sleep (2,) {}
SLEEP 2.0
block started
WaitControl setup for 2.0  
Join finished
block finished. duration 2.14363002777
open () {'description': 'Microbone to Minibone'}
open name=--- desc=Microbone to Minibone
checking ownership. requestor=129.138.12.150
check software interlocks L
interlocks []
actuate state mode=None-script, software_lock=False
doing actuation None-script open_channel True
Open L ===>> OK
set states for children of L. state=True
handle state [('L', True)]
update switch state L True args=() kw={'refresh': False} ncanvase=3
refresh_canvas_needed fired
GetIndicatorState L ===>> OK
change switch state (True, True)
update switch state L True args=() kw={} ncanvase=3
14:31:24 -- OPEN   VALVE-L (Microbone to Minibone)
-------------------------- open None (Microbone to Minibone) result=[(True, True)]
action=open, ok=True, locked=[False]
open () {'name': 'B', 'description': 'Bone to Diode Laser'}
open name=B desc=Bone to Diode Laser
checking ownership. requestor=129.138.12.150
check software interlocks B
interlocks []
actuate state mode=None-script, software_lock=False
doing actuation None-script open_channel True
Open B ===>> OK
GetIndicatorState B ===>> OK
change switch state (True, True)
update switch state B True args=() kw={} ncanvase=3
14:31:24 -- OPEN   VALVE-B (Bone to Diode Laser)
-------------------------- open B (Bone to Diode Laser) result=[(True, True)]
action=open, ok=True, locked=[False]
sleep (30,) {}
SLEEP 30.0
block started
WaitControl setup for 30.0  
Join finished
block finished. duration 30.0954360962
close () {'name': 'B', 'description': 'Bone to Diode Laser'}
close name=B desc=Bone to Diode Laser
checking ownership. requestor=129.138.12.150
check software interlocks B
interlocks []
actuate state mode=None-script, software_lock=False
doing actuation None-script close_channel True
Close B ===>> OK
GetIndicatorState B ===>> False
change switch state (True, True)
update switch state B False args=() kw={} ncanvase=3
14:31:55 -- CLOSE  VALVE-B (Bone to Diode Laser)
-------------------------- close B (Bone to Diode Laser) result=[(True, True)]
action=close, ok=True, locked=[False]
executed snippet estimated_duration=96.0, duration=36.0400059223
EquilibrateThenIsolateDiodeColdfinger.py completed successfully
gosub finished
sleep (120.0,) {}
SLEEP 120.0
block started
WaitControl setup for 120.0  
Join finished
block finished. duration 120.283942938
close () {'description': 'Minibone to Bone'}
close name=--- desc=Minibone to Bone
checking ownership. requestor=129.138.12.150
check software interlocks I
interlocks []
actuate state mode=None-script, software_lock=False
doing actuation None-script close_channel True
Close I ===>> OK
GetIndicatorState I ===>> False
change switch state (True, True)
update switch state I False args=() kw={} ncanvase=3
14:33:56 -- CLOSE  VALVE-I (Minibone to Bone)
-------------------------- close None (Minibone to Bone) result=[(True, True)]
action=close, ok=True, locked=[False]
doing GOSUB
testing...
no interpolation path defined
executed snippet estimated_duration=2.0, duration=6.50882720947e-05
Pump Bone After Jan Diode Analysis
sleep (1,) {}
SLEEP 1.0
open () {'description': 'Bone to Turbo'}
open name=--- desc=Bone to Turbo
checking ownership. requestor=129.138.12.150
check software interlocks C
interlocks []
actuate state mode=None-script, software_lock=False
doing actuation None-script open_channel True
Open C ===>> OK
GetIndicatorState C ===>> OK
change switch state (True, True)
update switch state C True args=() kw={} ncanvase=3
14:33:58 -- OPEN   VALVE-C (Bone to Turbo)
-------------------------- open None (Bone to Turbo) result=[(True, True)]
action=open, ok=True, locked=[False]
open () {'description': 'Bone to Getter GP-50'}
open name=--- desc=Bone to Getter GP-50
checking ownership. requestor=129.138.12.150
check software interlocks N
interlocks []
actuate state mode=None-script, software_lock=False
doing actuation None-script open_channel False
Open N ===>> OK
GetIndicatorState N ===>> OK
change switch state (True, True)
update switch state N True args=() kw={} ncanvase=3
14:33:58 -- OPEN   VALVE-N (Bone to Getter GP-50)
-------------------------- open None (Bone to Getter GP-50) result=[(True, True)]
action=open, ok=True, locked=[False]
open () {'description': 'Bone to Diode Laser'}
open name=--- desc=Bone to Diode Laser
checking ownership. requestor=129.138.12.150
check software interlocks B
interlocks []
actuate state mode=None-script, software_lock=False
doing actuation None-script open_channel True
Open B ===>> OK
GetIndicatorState B ===>> OK
change switch state (True, True)
update switch state B True args=() kw={} ncanvase=3
14:33:59 -- OPEN   VALVE-B (Bone to Diode Laser)
-------------------------- open None (Bone to Diode Laser) result=[(True, True)]
action=open, ok=True, locked=[False]
open () {'description': 'Bone to CO2 Laser'}
open name=--- desc=Bone to CO2 Laser
checking ownership. requestor=129.138.12.150
check software interlocks D
interlocks []
actuate state mode=None-script, software_lock=False
doing actuation None-script open_channel True
Open D ===>> OK
GetIndicatorState D ===>> OK
change switch state (True, True)
update switch state D True args=() kw={} ncanvase=3
14:33:59 -- OPEN   VALVE-D (Bone to CO2 Laser)
-------------------------- open None (Bone to CO2 Laser) result=[(True, True)]
action=open, ok=True, locked=[False]
executed snippet estimated_duration=3.0, duration=3.14970803261
PumpBoneAfterDiodeAnalysis.py completed successfully
gosub finished
executed snippet estimated_duration=546.0, duration=212.32320714
jan_diode.py completed successfully
GetAchievedOutput ===>> No Response
Requested Output= 0.000
Achieved Output=  0.000
GetResponseBlob ===>> v)[178]N[00][00][00][00][160][152][170]=[00][00][250]D[250]D[05]@[00][00][250]DN[221][130]@[00][0...
GetOutputBlob ===>> v)[178]N[00][00][00][00][160][152][170]=[169][176][229]A[250]D[05]@[00][00][00][00]N[221][130]@[0...
persistence save...
persistence save - db
AutomatedRunPersister post_extraction_save deprecated
persistence save - dvc
no extraction position for 13
Extraction Finished
14:34:00 -- ******* Extraction Finished *******
no overlap. not waiting for min ms pumptime
14:34:00 -- Sending spectrometer configuration
======== Sending configuration ========
SetDeflection CDD,50.0 ===>> OK
SetDeflection H2,0.0 ===>> OK
SetDeflection H1,0.0 ===>> OK
SetDeflection L2,825.0 ===>> OK
SetDeflection L1,400.0 ===>> OK
SetDeflection AX,190.0 ===>> OK
SetZFocus 74.64 ===>> OK
SetZSymmetry -50.72 ===>> OK
SetExtractionLens 26.13 ===>> OK
SetIonRepeller -3.81 ===>> OK
SetElectronEnergy 75.08 ===>> OK
SetYSymmetry -2.81 ===>> OK
SetIonCounterVoltage 1590.0 ===>> OK
send trap current 200.0
GetParameter Trap Current Readback ===>> 198.482695477019
SetParameter Trap Current Set,200.0 ===>> OK
updating mftable name mftable
Using mftable located at /Users/jan/PychronDev/setupfiles/spectrometer/mftables/mftable.csv
============ MFtable ===========
Isotope  H2     H1     AX     L1     L2     CDD    
Ar40     5.8244 5.8779 5.9911 6.1644 6.2295 6.3926
Ar39     5.7237 5.7702 5.8835 6.0504 6.1146 6.2791
Ar36     5.4012 5.4392 5.5469 5.7093 5.7696 5.9302
================================
get initial guess parabolic
get initial guess parabolic
get initial guess parabolic
get initial guess parabolic
get initial guess parabolic
get initial guess parabolic
======== Configuration Finished ========
GetYSymmetry ===>> -2.81
GetZSymmetry ===>> -50.72
GetParameter Trap Current Readback ===>> 198.370811206739
GetHighVoltage ===>> 4499.94659342336
start measurement
do measurement
L#=bu-FD-J analysis type=blank_unknown
Measurement Started jan_unknown400_120.py
14:34:00 -- ******* Measurement Started jan_unknown400_120.py *******
state changed from extraction to measurement
setting spec, defl, and gains
GetExtractionLens ===>> 26.13
GetYSymmetry ===>> -2.81
GetZSymmetry ===>> -50.72
GetZFocus ===>> 74.64
GetDeflection H2 ===>> 0
GetDeflection H1 ===>> 0
GetDeflection AX ===>> 190
GetDeflection L1 ===>> 400
GetDeflection L2 ===>> 825
GetDeflection CDD ===>> 50
GetGain H2 ===>> 0.0113
GetGain H1 ===>> 0.99
GetGain AX ===>> 0.097049
GetGain L1 ===>> 0.010355
GetGain L2 ===>> 0.095649
GetGain CDD ===>> 0
pre measurement save
New frame /Users/jan/PychronDev/data/isotopes/c7/3bd1d3-32e2-4b5d-8475-43752b467538.h5
flush and close file /Users/jan/PychronDev/data/isotopes/c7/3bd1d3-32e2-4b5d-8475-43752b467538.h5
testing...
no interpolation path defined
executed snippet estimated_duration=568.532928, duration=0.000256061553955
unknown measurement script
activate_detectors ('H2', 'H1', 'AX', 'L1', 'L2', 'CDD') {}
activate detectors
*************** Set Analysis View Ar/Ar
create graphs
clearing graphs
clear isotope group
setting isotope det=H2, iso=PM41
setting isotope det=H1, iso=Ar40
setting isotope det=AX, iso=Ar39
setting isotope det=L1, iso=Ar38
setting isotope det=L2, iso=Ar37
setting isotope det=CDD, iso=Ar36
load analysis view
position_magnet ('Ar40',) {'detector': 'H1'}
detector Detector(H1)
POSITION Ar40 H1
setting detector H2 to PM41 (40.9624)
setting detector H1 to Ar40 (39.9624)
setting detector AX to Ar39 (38.9624)
setting detector L1 to Ar38 (37.9624)
setting detector L2 to Ar37 (36.9624)
setting detector CDD to Ar36 (35.9624)
Mapping mass to dac mass func: "parabolic"
H1 map mass coeffs = [-0.00063987  0.15840543  0.56954999]
H1 map mass to dac 39.9624 >> 5.87794
GetDeflection H1 ===>> 0
GetHighVoltage ===>> 4499.94659342336
positioning Ar40 (5.87790538536) on H1
setting magnet DAC
current  : 5.877905
requested: 5.877905
Delta Dac: 0.000001
Checking detector protection. dv=0.00000
Checking detector "CDD". Protection Threshold: 0.1 (V)
SetMagnetDAC 5.87790538536 ===>> OK
Magnet settling time: 0.500
Magnet settling complete
set_dac. change=True
equilibrate () {'delay': 3, 'inlet': 'R', 'outlet': 'O', 'eqtime': 12.0}
Equilibration Started
14:34:02 -- ******* Equilibration Started *******
checking ownership. requestor=129.138.12.150
check software interlocks O
interlocks []
actuate state mode=None-script, software_lock=False
doing actuation None-script close_channel True
Close O ===>> OK
GetIndicatorState O ===>> False
change switch state (True, True)
update switch state O False args=() kw={} ncanvase=3
14:34:02 -- CLOSE  VALVE-O (Jan Ion Pump)
waiting 3s before opening inlet value ('R',)
update labels <pychron.experiment.plot_panel.PlotPanel object at 0x1f75cc410>
update labels "<pychron.graph.stacked_regression_graph.StackedRegressionGraph object at 0x1e7bc1050>"
setting label 0 H2 PM41
setting label 1 H1 Ar40
setting label 2 AX Ar39
setting label 3 L1 Ar38
setting label 4 L2 Ar37
setting label 5 CDD Ar36
update labels "<pychron.graph.stacked_graph.StackedGraph object at 0x208246350>"
setting label 0 H2 PM41
setting label 1 H1 Ar40
setting label 2 AX Ar39
setting label 3 L1 Ar38
setting label 4 L2 Ar37
setting label 5 CDD Ar36
checking ownership. requestor=129.138.12.150
check software interlocks R
interlocks []
actuate state mode=None-script, software_lock=False
doing actuation None-script open_channel True
Open R ===>> OK
set states for children of R. state=True
handle state [('R', True)]
update switch state R True args=() kw={'refresh': False} ncanvase=3
refresh_canvas_needed fired
GetIndicatorState R ===>> OK
change switch state (True, True)
update switch state R True args=() kw={} ncanvase=3
14:34:06 -- OPEN   VALVE-R (Jan Inlet)
set_time_zero () {}
equilibrating for 12.0sec
sniff (12.0,) {}
py_sniff
build tables- sniff [Detector(H2), Detector(H1), Detector(AX), Detector(L1), Detector(L2), Detector(CDD)]
add group /sniff/PM41 (Group) '' table H2
add group /sniff/Ar40 (Group) '' table H1
add group /sniff/Ar39 (Group) '' table AX
add group /sniff/Ar38 (Group) '' table L1
add group /sniff/Ar37 (Group) '' table L2
add group /sniff/Ar36 (Group) '' table CDD
flush and close file /Users/jan/PychronDev/data/isotopes/c7/3bd1d3-32e2-4b5d-8475-43752b467538.h5
measuring sniff. ncounts=12.0
"sniff" increment series count="1" fit count="0" regressing="False"
starting measurement
Equilibration Finished
14:34:18 -- ******* Equilibration Finished *******
checking ownership. requestor=129.138.12.150
check software interlocks R
interlocks []
actuate state mode=None-script, software_lock=False
doing actuation None-script close_channel True
Close R ===>> OK
GetIndicatorState R ===>> False
change switch state (True, True)
update switch state R False args=() kw={} ncanvase=3
14:34:19 -- CLOSE  VALVE-R (Jan Inlet)
Post Equilibration Started jan_pump_extraction_line.py
14:34:19 -- ******* Post Equilibration Started jan_pump_extraction_line.py *******
testing...
no interpolation path defined
calculate duration
testing...
no interpolation path defined
executed snippet estimated_duration=2.0, duration=0.000108003616333
calculate duration
testing...
no interpolation path defined
executed snippet estimated_duration=32.0, duration=0.000126123428345
executed snippet estimated_duration=34.0, duration=0.00232911109924
Pump after analysis
Pump after Jan diode analysis
doing GOSUB
testing...
no interpolation path defined
executed snippet estimated_duration=2.0, duration=9.29832458496e-05
Pump Microbone After Jan diode analysis
close () {'description': 'Jan Inlet'}
close name=--- desc=Jan Inlet
checking ownership. requestor=129.138.12.150
check software interlocks R
interlocks []
actuate state mode=None-script, software_lock=False
doing actuation None-script close_channel False
waiting for write to finish
Close R ===>> OK
measurement finished
estimated time: 12.583 actual time: :12.703
flush and close file /Users/jan/PychronDev/data/isotopes/c7/3bd1d3-32e2-4b5d-8475-43752b467538.h5
set_fits () {}
using default fits file=/Users/jan/PychronDev/scripts/measurement/fits/nominal.yaml
set "Ar40" to "('Parabolic', 'SEM')"
No fit for "PM41". defaulting to linear. check the measurement script "jan_unknown400_120.py"
set "PM41" to "linear"
set "Ar36" to "('Parabolic', 'SEM')"
set "Ar37" to "('linear', 'SEM')"
set "Ar38" to "('linear', 'SEM')"
set "Ar39" to "('Parabolic', 'SEM')"
set_baseline_fits () {}
using default fits file=/Users/jan/PychronDev/scripts/measurement/fits/nominal.yaml
set "H1" to "('average', 'SEM')"
set "H2" to "('average', 'SEM')"
set "CDD" to "('average', 'SEM')"
set "L2" to "('average', 'SEM')"
set "L1" to "('average', 'SEM')"
set "AX" to "('average', 'SEM')"
multicollect () {'integration_time': 1, 'ncounts': 400}
build tables- signal [Detector(H2), Detector(H1), Detector(AX), Detector(L1), Detector(L2), Detector(CDD)]
add group /signal/PM41 (Group) '' table H2
add group /signal/Ar40 (Group) '' table H1
GetIndicatorState R ===>> False
add group /signal/Ar39 (Group) '' table AX
change switch state (True, True)
add group /signal/Ar38 (Group) '' table L1
update switch state R False args=() kw={} ncanvase=3
add group /signal/Ar37 (Group) '' table L2
add group /signal/Ar36 (Group) '' table CDD
flush and close file /Users/jan/PychronDev/data/isotopes/c7/3bd1d3-32e2-4b5d-8475-43752b467538.h5
14:34:19 -- CLOSE  VALVE-R (Jan Inlet)
measuring signal. ncounts=400
-------------------------- close None (Jan Inlet) result=[(True, True)]
action=close, ok=True, locked=[False]
close () {'description': 'Microbone to Minibone'}
close name=--- desc=Microbone to Minibone
checking ownership. requestor=129.138.12.150
check software interlocks L
interlocks []
actuate state mode=None-script, software_lock=False
doing actuation None-script close_channel True
"signal" increment series count="2" fit count="1" regressing="True"
starting measurement
Close L ===>> OK
set states for children of L. state=False
handle state [('L', False)]
update switch state L False args=() kw={'refresh': False} ncanvase=3
refresh_canvas_needed fired
GetIndicatorState L ===>> False
change switch state (True, True)
update switch state L False args=() kw={} ncanvase=3
14:34:20 -- CLOSE  VALVE-L (Microbone to Minibone)
-------------------------- close None (Microbone to Minibone) result=[(True, True)]
action=close, ok=True, locked=[False]
open () {'description': 'Microbone to Turbo'}
open name=--- desc=Microbone to Turbo
checking ownership. requestor=129.138.12.150
check software interlocks U
interlocks []
actuate state mode=None-script, software_lock=False
doing actuation None-script open_channel True
Open U ===>> OK
GetIndicatorState U ===>> OK
change switch state (True, True)
update switch state U True args=() kw={} ncanvase=3
14:34:21 -- OPEN   VALVE-U (Microbone to Turbo)
-------------------------- open None (Microbone to Turbo) result=[(True, True)]
action=open, ok=True, locked=[False]
open () {'description': 'Microbone to Getter NP-10'}
open name=--- desc=Microbone to Getter NP-10
checking ownership. requestor=129.138.12.150
check software interlocks M
interlocks []
actuate state mode=None-script, software_lock=False
doing actuation None-script open_channel False
Open M ===>> OK
GetIndicatorState M ===>> OK
change switch state (True, True)
update switch state M True args=() kw={} ncanvase=3
14:34:21 -- OPEN   VALVE-M (Microbone to Getter NP-10)
-------------------------- open None (Microbone to Getter NP-10) result=[(True, True)]
action=open, ok=True, locked=[False]
open () {'description': 'Microbone to Getter D-50'}
open name=--- desc=Microbone to Getter D-50
checking ownership. requestor=129.138.12.150
check software interlocks K
interlocks []
actuate state mode=None-script, software_lock=False
doing actuation None-script open_channel False
Open K ===>> OK
GetIndicatorState K ===>> OK
change switch state (True, True)
update switch state K True args=() kw={} ncanvase=3
14:34:22 -- OPEN   VALVE-K (Microbone to Getter D-50)
-------------------------- open None (Microbone to Getter D-50) result=[(True, True)]
action=open, ok=True, locked=[False]
open () {'description': 'Microbone to CO2 Laser'}
open name=--- desc=Microbone to CO2 Laser
checking ownership. requestor=129.138.12.150
check software interlocks T
interlocks []
actuate state mode=None-script, software_lock=False
doing actuation None-script open_channel True
Open T ===>> OK
GetIndicatorState T ===>> OK
change switch state (True, True)
update switch state T True args=() kw={} ncanvase=3
14:34:23 -- OPEN   VALVE-T (Microbone to CO2 Laser)
-------------------------- open None (Microbone to CO2 Laser) result=[(True, True)]
action=open, ok=True, locked=[False]
open () {'description': 'CO2 Laser to Jan'}
open name=--- desc=CO2 Laser to Jan
checking ownership. requestor=129.138.12.150
check software interlocks A
interlocks []
actuate state mode=None-script, software_lock=False
doing actuation None-script open_channel True
Open A ===>> OK
set states for children of A. state=True
handle state [('A', True)]
update switch state A True args=() kw={'refresh': False} ncanvase=3
refresh_canvas_needed fired
GetIndicatorState A ===>> OK
change switch state (True, True)
update switch state A True args=() kw={} ncanvase=3
14:34:23 -- OPEN   VALVE-A (CO2 Laser to Jan)
-------------------------- open None (CO2 Laser to Jan) result=[(True, True)]
action=open, ok=True, locked=[False]
open () {'description': 'Microbone to Inlet Pipette'}
open name=--- desc=Microbone to Inlet Pipette
checking ownership. requestor=129.138.12.150
check software interlocks S
interlocks []
actuate state mode=None-script, software_lock=False
doing actuation None-script open_channel False
Open S ===>> OK
GetIndicatorState S ===>> OK
change switch state (True, True)
update switch state S True args=() kw={} ncanvase=3
testing H1>-5.0
evaluate ot="H1.bs>-5.0" t="H1>-5.0", ctx="{'H1': None}"
14:34:24 -- OPEN   VALVE-S (Microbone to Inlet Pipette)
-------------------------- open None (Microbone to Inlet Pipette) result=[(True, True)]
action=open, ok=True, locked=[False]
sleep (1,) {}
SLEEP 1.0
executed snippet estimated_duration=3.0, duration=6.59899997711
PumpMicroBoneAfterDiodeAnalysis.py completed successfully
gosub finished
doing GOSUB
testing...
no interpolation path defined
executed snippet estimated_duration=32.0, duration=0.000232934951782
Pump Minibone after Jan diode analysis
close () {'description': 'Bone to Minibone'}
close name=--- desc=Bone to Minibone
checking ownership. requestor=129.138.12.150
check software interlocks E
interlocks []
actuate state mode=None-script, software_lock=False
doing actuation None-script close_channel True
Close E ===>> OK
GetIndicatorState E ===>> False
change switch state (True, True)
update switch state E False args=() kw={} ncanvase=3
14:34:26 -- CLOSE  VALVE-E (Bone to Minibone)
-------------------------- close None (Bone to Minibone) result=[(True, True)]
action=close, ok=True, locked=[False]
open () {'description': 'Minibone to Bone'}
open name=--- desc=Minibone to Bone
checking ownership. requestor=129.138.12.150
check software interlocks I
interlocks []
actuate state mode=None-script, software_lock=False
doing actuation None-script open_channel True
Open I ===>> OK
GetIndicatorState I ===>> OK
change switch state (True, True)
update switch state I True args=() kw={} ncanvase=3
14:34:26 -- OPEN   VALVE-I (Minibone to Bone)
-------------------------- open None (Minibone to Bone) result=[(True, True)]
action=open, ok=True, locked=[False]
close () {'description': 'Microbone to Minibone'}
close name=--- desc=Microbone to Minibone
checking ownership. requestor=129.138.12.150
check software interlocks L
interlocks []
actuate state mode=None-script, software_lock=False
doing actuation None-script close_channel False
Close L ===>> OK
GetIndicatorState L ===>> False
change switch state (True, True)
update switch state L False args=() kw={} ncanvase=3
14:34:27 -- CLOSE  VALVE-L (Microbone to Minibone)
-------------------------- close None (Microbone to Minibone) result=[(True, True)]
action=close, ok=True, locked=[False]
sleep () {'duration': 1.0}
SLEEP 1.0
open () {'description': 'Minibone to Turbo'}
open name=--- desc=Minibone to Turbo
checking ownership. requestor=129.138.12.150
check software interlocks P
interlocks []
actuate state mode=None-script, software_lock=False
doing actuation None-script open_channel True
Open P ===>> OK
GetIndicatorState P ===>> OK
change switch state (True, True)
update switch state P True args=() kw={} ncanvase=3
14:34:29 -- OPEN   VALVE-P (Minibone to Turbo)
-------------------------- open None (Minibone to Turbo) result=[(True, True)]
action=open, ok=True, locked=[False]
open () {'description': 'Quad Inlet'}
open name=--- desc=Quad Inlet
checking ownership. requestor=129.138.12.150
check software interlocks Q
interlocks []
actuate state mode=None-script, software_lock=False
doing actuation None-script open_channel True
Open Q ===>> OK
GetIndicatorState Q ===>> OK
change switch state (True, True)
update switch state Q True args=() kw={} ncanvase=3
14:34:29 -- OPEN   VALVE-Q (Quad Inlet)
-------------------------- open None (Quad Inlet) result=[(True, True)]
testing H1>-5.0
evaluate ot="H1.bs>-5.0" t="H1>-5.0", ctx="{'H1': None}"
action=open, ok=True, locked=[False]
set_resource () {'name': 'MinibonePumpTimeFlag', 'value': 30}
Set MinibonePumpTimeFlag 30 ===>> OK
sleep () {'duration': 15.0}
SLEEP 15.0
block started
WaitControl setup for 15.0  
testing H1>-5.0
evaluate ot="H1.bs>-5.0" t="H1>-5.0", ctx="{'H1': None}"
testing H1>-5.0
evaluate ot="H1.bs>-5.0" t="H1>-5.0", ctx="{'H1': None}"
Join finished
block finished. duration 15.0920438766
close () {'description': 'Outer Pipette 1'}
close name=--- desc=Outer Pipette 1
checking ownership. requestor=129.138.12.150
check software interlocks W
interlocks ['X']
actuate state mode=None-script, software_lock=False
doing actuation None-script close_channel False
Close W ===>> OK
GetIndicatorState W ===>> False
change switch state (True, True)
update switch state W False args=() kw={} ncanvase=3
14:34:45 -- CLOSE  VALVE-W (Outer Pipette 1)
-------------------------- close None (Outer Pipette 1) result=[(True, True)]
testing H1>-5.0
evaluate ot="H1.bs>-5.0" t="H1>-5.0", ctx="{'H1': None}"
14:34:45 -- collecting point 25
action=close, ok=True, locked=[False]
close () {'description': 'Outer Pipette 2'}
close name=--- desc=Outer Pipette 2
checking ownership. requestor=129.138.12.150
check software interlocks Y
interlocks ['Z']
actuate state mode=None-script, software_lock=False
doing actuation None-script close_channel False
Close Y ===>> OK
GetIndicatorState Y ===>> False
change switch state (True, True)
update switch state Y False args=() kw={} ncanvase=3
14:34:45 -- CLOSE  VALVE-Y (Outer Pipette 2)
-------------------------- close None (Outer Pipette 2) result=[(True, True)]
action=close, ok=True, locked=[False]
release ('JanMiniboneFlag',) {}
release JanMiniboneFlag
Set JanMiniboneFlag 0 ===>> OK
executed snippet estimated_duration=48.0, duration=20.1947169304
PumpMiniboneAfterDiodeAnalysis.py completed successfully
gosub finished
executed snippet estimated_duration=34.0, duration=26.8853890896
jan_pump_extraction_line.py completed successfully
Post Equilibration Finished
14:34:46 -- ******* Post Equilibration Finished *******
testing H1>-5.0
evaluate ot="H1.bs>-5.0" t="H1>-5.0", ctx="{'H1': None}"
testing H1>-5.0
evaluate ot="H1.bs>-5.0" t="H1>-5.0", ctx="{'H1': None}"
testing H1>-5.0
evaluate ot="H1.bs>-5.0" t="H1>-5.0", ctx="{'H1': None}"
testing H1>-5.0
evaluate ot="H1.bs>-5.0" t="H1>-5.0", ctx="{'H1': None}"
testing H1>-5.0
evaluate ot="H1.bs>-5.0" t="H1>-5.0", ctx="{'H1': None}"
14:35:11 -- collecting point 50
testing H1>-5.0
evaluate ot="H1.bs>-5.0" t="H1>-5.0", ctx="{'H1': None}"
testing H1>-5.0
evaluate ot="H1.bs>-5.0" t="H1>-5.0", ctx="{'H1': None}"
testing H1>-5.0
evaluate ot="H1.bs>-5.0" t="H1>-5.0", ctx="{'H1': None}"
testing H1>-5.0
evaluate ot="H1.bs>-5.0" t="H1>-5.0", ctx="{'H1': None}"
testing H1>-5.0
evaluate ot="H1.bs>-5.0" t="H1>-5.0", ctx="{'H1': None}"
14:35:38 -- collecting point 75
testing H1>-5.0
evaluate ot="H1.bs>-5.0" t="H1>-5.0", ctx="{'H1': None}"
testing H1>-5.0
evaluate ot="H1.bs>-5.0" t="H1>-5.0", ctx="{'H1': None}"
testing H1>-5.0
evaluate ot="H1.bs>-5.0" t="H1>-5.0", ctx="{'H1': None}"
testing H1>-5.0
evaluate ot="H1.bs>-5.0" t="H1>-5.0", ctx="{'H1': None}"
testing H1>-5.0
evaluate ot="H1.bs>-5.0" t="H1>-5.0", ctx="{'H1': None}"
14:36:04 -- collecting point 100
testing H1>-5.0
evaluate ot="H1.bs>-5.0" t="H1>-5.0", ctx="{'H1': None}"
testing H1>-5.0
evaluate ot="H1.bs>-5.0" t="H1>-5.0", ctx="{'H1': None}"
testing H1>-5.0
evaluate ot="H1.bs>-5.0" t="H1>-5.0", ctx="{'H1': None}"
testing H1>-5.0
evaluate ot="H1.bs>-5.0" t="H1>-5.0", ctx="{'H1': None}"
testing H1>-5.0
evaluate ot="H1.bs>-5.0" t="H1>-5.0", ctx="{'H1': None}"
14:36:30 -- collecting point 125
testing H1>-5.0
evaluate ot="H1.bs>-5.0" t="H1>-5.0", ctx="{'H1': None}"
testing H1>-5.0
evaluate ot="H1.bs>-5.0" t="H1>-5.0", ctx="{'H1': None}"
testing H1>-5.0
evaluate ot="H1.bs>-5.0" t="H1>-5.0", ctx="{'H1': None}"
testing H1>-5.0
evaluate ot="H1.bs>-5.0" t="H1>-5.0", ctx="{'H1': None}"
testing H1>-5.0
evaluate ot="H1.bs>-5.0" t="H1>-5.0", ctx="{'H1': None}"
14:36:56 -- collecting point 150
testing H1>-5.0
evaluate ot="H1.bs>-5.0" t="H1>-5.0", ctx="{'H1': None}"
testing H1>-5.0
evaluate ot="H1.bs>-5.0" t="H1>-5.0", ctx="{'H1': None}"
testing H1>-5.0
evaluate ot="H1.bs>-5.0" t="H1>-5.0", ctx="{'H1': None}"
testing H1>-5.0
evaluate ot="H1.bs>-5.0" t="H1>-5.0", ctx="{'H1': None}"
testing H1>-5.0
evaluate ot="H1.bs>-5.0" t="H1>-5.0", ctx="{'H1': None}"
14:37:23 -- collecting point 175
testing H1>-5.0
evaluate ot="H1.bs>-5.0" t="H1>-5.0", ctx="{'H1': None}"
testing H1>-5.0
evaluate ot="H1.bs>-5.0" t="H1>-5.0", ctx="{'H1': None}"
testing H1>-5.0
evaluate ot="H1.bs>-5.0" t="H1>-5.0", ctx="{'H1': None}"
testing H1>-5.0
evaluate ot="H1.bs>-5.0" t="H1>-5.0", ctx="{'H1': None}"
testing H1>-5.0
evaluate ot="H1.bs>-5.0" t="H1>-5.0", ctx="{'H1': None}"
14:37:49 -- collecting point 200
testing H1>-5.0
evaluate ot="H1.bs>-5.0" t="H1>-5.0", ctx="{'H1': None}"
testing H1>-5.0
evaluate ot="H1.bs>-5.0" t="H1>-5.0", ctx="{'H1': None}"
testing H1>-5.0
evaluate ot="H1.bs>-5.0" t="H1>-5.0", ctx="{'H1': None}"
testing H1>-5.0
evaluate ot="H1.bs>-5.0" t="H1>-5.0", ctx="{'H1': None}"
testing H1>-5.0
evaluate ot="H1.bs>-5.0" t="H1>-5.0", ctx="{'H1': None}"
14:38:15 -- collecting point 225
testing H1>-5.0
evaluate ot="H1.bs>-5.0" t="H1>-5.0", ctx="{'H1': None}"
testing H1>-5.0
evaluate ot="H1.bs>-5.0" t="H1>-5.0", ctx="{'H1': None}"
testing H1>-5.0
evaluate ot="H1.bs>-5.0" t="H1>-5.0", ctx="{'H1': None}"
testing H1>-5.0
evaluate ot="H1.bs>-5.0" t="H1>-5.0", ctx="{'H1': None}"
testing H1>-5.0
evaluate ot="H1.bs>-5.0" t="H1>-5.0", ctx="{'H1': None}"
14:38:41 -- collecting point 250
testing H1>-5.0
evaluate ot="H1.bs>-5.0" t="H1>-5.0", ctx="{'H1': None}"
testing H1>-5.0
evaluate ot="H1.bs>-5.0" t="H1>-5.0", ctx="{'H1': None}"
testing H1>-5.0
evaluate ot="H1.bs>-5.0" t="H1>-5.0", ctx="{'H1': None}"
testing H1>-5.0
evaluate ot="H1.bs>-5.0" t="H1>-5.0", ctx="{'H1': None}"
testing H1>-5.0
evaluate ot="H1.bs>-5.0" t="H1>-5.0", ctx="{'H1': None}"
14:39:08 -- collecting point 275
testing H1>-5.0
evaluate ot="H1.bs>-5.0" t="H1>-5.0", ctx="{'H1': None}"
testing H1>-5.0
evaluate ot="H1.bs>-5.0" t="H1>-5.0", ctx="{'H1': None}"
testing H1>-5.0
evaluate ot="H1.bs>-5.0" t="H1>-5.0", ctx="{'H1': None}"
testing H1>-5.0
evaluate ot="H1.bs>-5.0" t="H1>-5.0", ctx="{'H1': None}"
testing H1>-5.0
evaluate ot="H1.bs>-5.0" t="H1>-5.0", ctx="{'H1': None}"
14:39:34 -- collecting point 300
testing H1>-5.0
evaluate ot="H1.bs>-5.0" t="H1>-5.0", ctx="{'H1': None}"
testing H1>-5.0
evaluate ot="H1.bs>-5.0" t="H1>-5.0", ctx="{'H1': None}"
testing H1>-5.0
evaluate ot="H1.bs>-5.0" t="H1>-5.0", ctx="{'H1': None}"
testing H1>-5.0
evaluate ot="H1.bs>-5.0" t="H1>-5.0", ctx="{'H1': None}"
testing H1>-5.0
evaluate ot="H1.bs>-5.0" t="H1>-5.0", ctx="{'H1': None}"
14:40:00 -- collecting point 325
testing H1>-5.0
evaluate ot="H1.bs>-5.0" t="H1>-5.0", ctx="{'H1': None}"
testing H1>-5.0
evaluate ot="H1.bs>-5.0" t="H1>-5.0", ctx="{'H1': None}"
testing H1>-5.0
evaluate ot="H1.bs>-5.0" t="H1>-5.0", ctx="{'H1': None}"
testing H1>-5.0
evaluate ot="H1.bs>-5.0" t="H1>-5.0", ctx="{'H1': None}"
testing H1>-5.0
evaluate ot="H1.bs>-5.0" t="H1>-5.0", ctx="{'H1': None}"
14:40:26 -- collecting point 350
testing H1>-5.0
evaluate ot="H1.bs>-5.0" t="H1>-5.0", ctx="{'H1': None}"
testing H1>-5.0
evaluate ot="H1.bs>-5.0" t="H1>-5.0", ctx="{'H1': None}"
testing H1>-5.0
evaluate ot="H1.bs>-5.0" t="H1>-5.0", ctx="{'H1': None}"
testing H1>-5.0
evaluate ot="H1.bs>-5.0" t="H1>-5.0", ctx="{'H1': None}"
testing H1>-5.0
evaluate ot="H1.bs>-5.0" t="H1>-5.0", ctx="{'H1': None}"
14:40:53 -- collecting point 375
testing H1>-5.0
evaluate ot="H1.bs>-5.0" t="H1>-5.0", ctx="{'H1': None}"
testing H1>-5.0
evaluate ot="H1.bs>-5.0" t="H1>-5.0", ctx="{'H1': None}"
testing H1>-5.0
evaluate ot="H1.bs>-5.0" t="H1>-5.0", ctx="{'H1': None}"
testing H1>-5.0
evaluate ot="H1.bs>-5.0" t="H1>-5.0", ctx="{'H1': None}"
testing H1>-5.0
evaluate ot="H1.bs>-5.0" t="H1>-5.0", ctx="{'H1': None}"
14:41:19 -- collecting point 400
waiting for write to finish
measurement finished
estimated time: 419.430 actual time: :420.065
flush and close file /Users/jan/PychronDev/data/isotopes/c7/3bd1d3-32e2-4b5d-8475-43752b467538.h5
baselines () {'settling_time': 15.0, 'detector': 'H1', 'mass': 34.2, 'ncounts': 120}
%%%%%%%%%%%%%%%%%%%%%%%%%%%%%%%% Baseline
build tables- baseline [Detector(H2), Detector(H1), Detector(AX), Detector(L1), Detector(L2), Detector(CDD)]
add group baseline table H2
add group baseline table H1
add group baseline table AX
add group baseline table L1
add group baseline table L2
add group baseline table CDD
flush and close file /Users/jan/PychronDev/data/isotopes/c7/3bd1d3-32e2-4b5d-8475-43752b467538.h5
detector Detector(H1)
POSITION 34.2 H1
Mapping mass to dac mass func: "parabolic"
H1 map mass coeffs = [-0.00063987  0.15840543  0.56954999]
H1 map mass to dac 34.2 >> 5.23859599104
GetDeflection H1 ===>> 0
GetHighVoltage ===>> 4499.94659342336
positioning 34.2 (5.23856514144) on H1
setting magnet DAC
current  : 5.877905
requested: 5.238565
Delta Dac: 0.639340
Checking detector protection. dv=0.63934
Checking detector "CDD". Protection Threshold: 0.1 (V)
ProtectDetector CDD,On ===>> OK
GetDeflection CDD ===>> 2000
Protected = 2000
SetMagnetDAC 5.23856514144 ===>> OK
Magnet settling time: 0.500
Magnet settling complete
Wait for magnet to stop moving
GetMagnetMoving ===>> True
GetMagnetMoving ===>> True
GetMagnetMoving ===>> True
GetMagnetMoving ===>> True
GetMagnetMoving ===>> True
GetMagnetMoving ===>> True
GetMagnetMoving ===>> True
GetMagnetMoving ===>> True
GetMagnetMoving ===>> False
Magnet move complete
Unprotect detectors
ProtectDetector CDD,Off ===>> OK
GetDeflection CDD ===>> 50
set_dac. change=True
Delaying 15.0s for detectors to settle
Join finished
measuring baseline. ncounts=120
"baseline" increment series count="2" fit count="1" regressing="True"
starting measurement
testing H1>-5.0
evaluate ot="H1.bs>-5.0" t="H1>-5.0", ctx="{'H1': None}"
testing H1>-5.0
evaluate ot="H1.bs>-5.0" t="H1>-5.0", ctx="{'H1': None}"
testing H1>-5.0
evaluate ot="H1.bs>-5.0" t="H1>-5.0", ctx="{'H1': None}"
testing H1>-5.0
evaluate ot="H1.bs>-5.0" t="H1>-5.0", ctx="{'H1': None}"
testing H1>-5.0
evaluate ot="H1.bs>-5.0" t="H1>-5.0", ctx="{'H1': None}"
14:42:04 -- collecting point 25
testing H1>-5.0
evaluate ot="H1.bs>-5.0" t="H1>-5.0", ctx="{'H1': None}"
testing H1>-5.0
evaluate ot="H1.bs>-5.0" t="H1>-5.0", ctx="{'H1': None}"
testing H1>-5.0
evaluate ot="H1.bs>-5.0" t="H1>-5.0", ctx="{'H1': None}"
testing H1>-5.0
evaluate ot="H1.bs>-5.0" t="H1>-5.0", ctx="{'H1': None}"
testing H1>-5.0
evaluate ot="H1.bs>-5.0" t="H1>-5.0", ctx="{'H1': None}"
14:42:30 -- collecting point 50
testing H1>-5.0
evaluate ot="H1.bs>-5.0" t="H1>-5.0", ctx="{'H1': None}"
testing H1>-5.0
evaluate ot="H1.bs>-5.0" t="H1>-5.0", ctx="{'H1': None}"
testing H1>-5.0
evaluate ot="H1.bs>-5.0" t="H1>-5.0", ctx="{'H1': None}"
testing H1>-5.0
evaluate ot="H1.bs>-5.0" t="H1>-5.0", ctx="{'H1': None}"
testing H1>-5.0
evaluate ot="H1.bs>-5.0" t="H1>-5.0", ctx="{'H1': None}"
14:42:56 -- collecting point 75
testing H1>-5.0
evaluate ot="H1.bs>-5.0" t="H1>-5.0", ctx="{'H1': None}"
testing H1>-5.0
evaluate ot="H1.bs>-5.0" t="H1>-5.0", ctx="{'H1': None}"
testing H1>-5.0
evaluate ot="H1.bs>-5.0" t="H1>-5.0", ctx="{'H1': None}"
testing H1>-5.0
evaluate ot="H1.bs>-5.0" t="H1>-5.0", ctx="{'H1': None}"
testing H1>-5.0
evaluate ot="H1.bs>-5.0" t="H1>-5.0", ctx="{'H1': None}"
14:43:23 -- collecting point 100
testing H1>-5.0
evaluate ot="H1.bs>-5.0" t="H1>-5.0", ctx="{'H1': None}"
testing H1>-5.0
evaluate ot="H1.bs>-5.0" t="H1>-5.0", ctx="{'H1': None}"
testing H1>-5.0
evaluate ot="H1.bs>-5.0" t="H1>-5.0", ctx="{'H1': None}"
testing H1>-5.0
evaluate ot="H1.bs>-5.0" t="H1>-5.0", ctx="{'H1': None}"
waiting for write to finish
measurement finished
estimated time: 125.829 actual time: :126.162
flush and close file /Users/jan/PychronDev/data/isotopes/c7/3bd1d3-32e2-4b5d-8475-43752b467538.h5
activate_detectors ('H1', 'AX', 'L2', 'CDD') {'peak_center': True}
peak_center () {'detector': 'H1', 'integration_time': 0.262144, 'isotope': 'Ar40'}
peak center: mean=5.43940152021 threshold=3
peak center started
setup peak center. detector=['H1', 'AX', 'L2', 'CDD'], isotope=Ar40
VersionedUnpickler [<apptools.sweet_pickle.versioned_unpickler.VersionedUnpickler object at 0x1f6fb4b90>] using Updater [<apptools.sweet_pickle.updater.Updater object at 0x13ad2eef0>]
VersionedUnpickler [<apptools.sweet_pickle.versioned_unpickler.VersionedUnpickler object at 0x1f6fb4b90>] using Updater [<apptools.sweet_pickle.updater.Updater object at 0x13ad2eef0>]
VersionedUnpickler [<apptools.sweet_pickle.versioned_unpickler.VersionedUnpickler object at 0x1eb27ea10>] using Updater [<apptools.sweet_pickle.updater.Updater object at 0x13ad2eef0>]
Mapping mass to dac mass func: "parabolic"
H1 map mass coeffs = [-0.00063987  0.15840543  0.56954999]
H1 map mass to dac 39.9624 >> 5.87794
GetDeflection H1 ===>> 0
GetHighVoltage ===>> 4499.94659342336
do peak center. <pychron.spectrometer.jobs.peak_center.PeakCenter object at 0x13abbecb0>
doing pc
starting peak center. center dac= 5.87790538536 step_width=0.001
width = 0.001
get scan parameters. half-width=0.015,window=0.015, i=0, scalar=1
Scan parameters center=5.87791 width=0.03000 (5.86291 - 5.89291)
Moving to starting dac 5.86290538536
setting magnet DAC
current  : 5.238565
requested: 5.862905
Delta Dac: 0.624340
Checking detector protection. dv=0.62434
Checking detector "CDD". Protection Threshold: 0.1 (V)
ProtectDetector CDD,On ===>> OK
GetDeflection CDD ===>> 2000
Protected = 2000
SetMagnetDAC 5.86290538536 ===>> OK
Magnet settling time: 0.500
Magnet settling complete
Wait for magnet to stop moving
GetMagnetMoving ===>> True
GetMagnetMoving ===>> True
GetMagnetMoving ===>> True
GetMagnetMoving ===>> True
GetMagnetMoving ===>> True
GetMagnetMoving ===>> True
GetMagnetMoving ===>> True
GetMagnetMoving ===>> True
GetMagnetMoving ===>> False
Magnet move complete
Unprotect detectors
ProtectDetector CDD,Off ===>> OK
GetDeflection CDD ===>> 50
set_dac. change=True
Wait until signal near baseline. tol= -0.119856340445. timeout= 10
Peak center baseline intensity achieved
_do_sweep sm= 5.86290538536, em= 5.89290538536, stm= 0.001
calculated step values: start=5.86290538536, end=5.89290538536, width=0.001, nsteps=31.0
setting magnet DAC
current  : 5.862905
requested: 5.862905
Delta Dac: 0.000000
Checking detector protection. dv=0.00000
Checking detector "CDD". Protection Threshold: 0.1 (V)
SetMagnetDAC 5.86290538536 ===>> OK
set_dac. change=False
setting magnet DAC
current  : 5.862905
requested: 5.863940
Delta Dac: 0.001034
Checking detector protection. dv=0.00103
Checking detector "CDD". Protection Threshold: 0.1 (V)
SetMagnetDAC 5.86393986812 ===>> OK
Magnet settling time: 2.097
Magnet settling complete
set_dac. change=True
setting magnet DAC
current  : 5.863940
requested: 5.864974
Delta Dac: 0.001034
Checking detector protection. dv=0.00103
Checking detector "CDD". Protection Threshold: 0.1 (V)
SetMagnetDAC 5.86497435088 ===>> OK
Magnet settling time: 2.097
Magnet settling complete
set_dac. change=True
setting magnet DAC
current  : 5.864974
requested: 5.866009
Delta Dac: 0.001034
Checking detector protection. dv=0.00103
Checking detector "CDD". Protection Threshold: 0.1 (V)
SetMagnetDAC 5.86600883364 ===>> OK
Magnet settling time: 2.097
Magnet settling complete
set_dac. change=True
setting magnet DAC
current  : 5.866009
requested: 5.867043
Delta Dac: 0.001034
Checking detector protection. dv=0.00103
Checking detector "CDD". Protection Threshold: 0.1 (V)
SetMagnetDAC 5.8670433164 ===>> OK
Magnet settling time: 2.097
Magnet settling complete
set_dac. change=True
setting magnet DAC
current  : 5.867043
requested: 5.868078
Delta Dac: 0.001034
Checking detector protection. dv=0.00103
Checking detector "CDD". Protection Threshold: 0.1 (V)
SetMagnetDAC 5.86807779916 ===>> OK
Magnet settling time: 2.097
Magnet settling complete
set_dac. change=True
setting magnet DAC
current  : 5.868078
requested: 5.869112
Delta Dac: 0.001034
Checking detector protection. dv=0.00103
Checking detector "CDD". Protection Threshold: 0.1 (V)
SetMagnetDAC 5.86911228191 ===>> OK
Magnet settling time: 2.097
Magnet settling complete
set_dac. change=True
setting magnet DAC
current  : 5.869112
requested: 5.870147
Delta Dac: 0.001034
Checking detector protection. dv=0.00103
Checking detector "CDD". Protection Threshold: 0.1 (V)
SetMagnetDAC 5.87014676467 ===>> OK
Magnet settling time: 2.097
Magnet settling complete
set_dac. change=True
setting magnet DAC
current  : 5.870147
requested: 5.871181
Delta Dac: 0.001034
Checking detector protection. dv=0.00103
Checking detector "CDD". Protection Threshold: 0.1 (V)
SetMagnetDAC 5.87118124743 ===>> OK
Magnet settling time: 2.097
Magnet settling complete
set_dac. change=True
setting magnet DAC
current  : 5.871181
requested: 5.872216
Delta Dac: 0.001034
Checking detector protection. dv=0.00103
Checking detector "CDD". Protection Threshold: 0.1 (V)
SetMagnetDAC 5.87221573019 ===>> OK
Magnet settling time: 2.097
Magnet settling complete
set_dac. change=True
setting magnet DAC
current  : 5.872216
requested: 5.873250
Delta Dac: 0.001034
Checking detector protection. dv=0.00103
Checking detector "CDD". Protection Threshold: 0.1 (V)
SetMagnetDAC 5.87325021295 ===>> OK
Magnet settling time: 2.097
Magnet settling complete
set_dac. change=True
setting magnet DAC
current  : 5.873250
requested: 5.874285
Delta Dac: 0.001034
Checking detector protection. dv=0.00103
Checking detector "CDD". Protection Threshold: 0.1 (V)
SetMagnetDAC 5.87428469571 ===>> OK
Magnet settling time: 2.097
Magnet settling complete
set_dac. change=True
setting magnet DAC
current  : 5.874285
requested: 5.875319
Delta Dac: 0.001034
Checking detector protection. dv=0.00103
Checking detector "CDD". Protection Threshold: 0.1 (V)
SetMagnetDAC 5.87531917847 ===>> OK
Magnet settling time: 2.097
Magnet settling complete
set_dac. change=True
setting magnet DAC
current  : 5.875319
requested: 5.876354
Delta Dac: 0.001034
Checking detector protection. dv=0.00103
Checking detector "CDD". Protection Threshold: 0.1 (V)
SetMagnetDAC 5.87635366122 ===>> OK
Magnet settling time: 2.097
Magnet settling complete
set_dac. change=True
setting magnet DAC
current  : 5.876354
requested: 5.877388
Delta Dac: 0.001034
Checking detector protection. dv=0.00103
Checking detector "CDD". Protection Threshold: 0.1 (V)
SetMagnetDAC 5.87738814398 ===>> OK
Magnet settling time: 2.097
Magnet settling complete
set_dac. change=True
setting magnet DAC
current  : 5.877388
requested: 5.878423
Delta Dac: 0.001034
Checking detector protection. dv=0.00103
Checking detector "CDD". Protection Threshold: 0.1 (V)
SetMagnetDAC 5.87842262674 ===>> OK
Magnet settling time: 2.097
Magnet settling complete
set_dac. change=True
setting magnet DAC
current  : 5.878423
requested: 5.879457
Delta Dac: 0.001034
Checking detector protection. dv=0.00103
Checking detector "CDD". Protection Threshold: 0.1 (V)
SetMagnetDAC 5.8794571095 ===>> OK
Magnet settling time: 2.097
Magnet settling complete
set_dac. change=True
setting magnet DAC
current  : 5.879457
requested: 5.880492
Delta Dac: 0.001034
Checking detector protection. dv=0.00103
Checking detector "CDD". Protection Threshold: 0.1 (V)
SetMagnetDAC 5.88049159226 ===>> OK
Magnet settling time: 2.097
Magnet settling complete
set_dac. change=True
setting magnet DAC
current  : 5.880492
requested: 5.881526
Delta Dac: 0.001034
Checking detector protection. dv=0.00103
Checking detector "CDD". Protection Threshold: 0.1 (V)
SetMagnetDAC 5.88152607502 ===>> OK
Magnet settling time: 2.097
Magnet settling complete
set_dac. change=True
setting magnet DAC
current  : 5.881526
requested: 5.882561
Delta Dac: 0.001034
Checking detector protection. dv=0.00103
Checking detector "CDD". Protection Threshold: 0.1 (V)
SetMagnetDAC 5.88256055778 ===>> OK
Magnet settling time: 2.097
Magnet settling complete
set_dac. change=True
setting magnet DAC
current  : 5.882561
requested: 5.883595
Delta Dac: 0.001034
Checking detector protection. dv=0.00103
Checking detector "CDD". Protection Threshold: 0.1 (V)
SetMagnetDAC 5.88359504053 ===>> OK
Magnet settling time: 2.097
Magnet settling complete
set_dac. change=True
setting magnet DAC
current  : 5.883595
requested: 5.884630
Delta Dac: 0.001034
Checking detector protection. dv=0.00103
Checking detector "CDD". Protection Threshold: 0.1 (V)
SetMagnetDAC 5.88462952329 ===>> OK
Magnet settling time: 2.097
Magnet settling complete
set_dac. change=True
setting magnet DAC
current  : 5.884630
requested: 5.885664
Delta Dac: 0.001034
Checking detector protection. dv=0.00103
Checking detector "CDD". Protection Threshold: 0.1 (V)
SetMagnetDAC 5.88566400605 ===>> OK
Magnet settling time: 2.097
Magnet settling complete
set_dac. change=True
setting magnet DAC
current  : 5.885664
requested: 5.886698
Delta Dac: 0.001034
Checking detector protection. dv=0.00103
Checking detector "CDD". Protection Threshold: 0.1 (V)
SetMagnetDAC 5.88669848881 ===>> OK
Magnet settling time: 2.097
Magnet settling complete
set_dac. change=True
setting magnet DAC
current  : 5.886698
requested: 5.887733
Delta Dac: 0.001034
Checking detector protection. dv=0.00103
Checking detector "CDD". Protection Threshold: 0.1 (V)
SetMagnetDAC 5.88773297157 ===>> OK
Magnet settling time: 2.097
Magnet settling complete
set_dac. change=True
setting magnet DAC
current  : 5.887733
requested: 5.888767
Delta Dac: 0.001034
Checking detector protection. dv=0.00103
Checking detector "CDD". Protection Threshold: 0.1 (V)
SetMagnetDAC 5.88876745433 ===>> OK
Magnet settling time: 2.097
Magnet settling complete
set_dac. change=True
setting magnet DAC
current  : 5.888767
requested: 5.889802
Delta Dac: 0.001034
Checking detector protection. dv=0.00103
Checking detector "CDD". Protection Threshold: 0.1 (V)
SetMagnetDAC 5.88980193709 ===>> OK
Magnet settling time: 2.097
Magnet settling complete
set_dac. change=True
setting magnet DAC
current  : 5.889802
requested: 5.890836
Delta Dac: 0.001034
Checking detector protection. dv=0.00103
Checking detector "CDD". Protection Threshold: 0.1 (V)
SetMagnetDAC 5.89083641985 ===>> OK
Magnet settling time: 2.097
Magnet settling complete
set_dac. change=True
setting magnet DAC
current  : 5.890836
requested: 5.891871
Delta Dac: 0.001034
Checking detector protection. dv=0.00103
Checking detector "CDD". Protection Threshold: 0.1 (V)
SetMagnetDAC 5.8918709026 ===>> OK
Magnet settling time: 2.097
Magnet settling complete
set_dac. change=True
setting magnet DAC
current  : 5.891871
requested: 5.892905
Delta Dac: 0.001034
Checking detector protection. dv=0.00103
Checking detector "CDD". Protection Threshold: 0.1 (V)
SetMagnetDAC 5.89290538536 ===>> OK
Magnet settling time: 2.097
Magnet settling complete
set_dac. change=True
result of _do_sweep=True
result of _calculate_peak_center=([5.8703903553024048, 5.8781458663244486, 5.8859013773464923], [5.1716158233822735, 6.9559027569649761, 5.1130750215347245], 5.8794384514947886, 6.9559027569649761)
Failed to find a valid peak. No peak greater than 1.0. max = 0.264765487084
Failed to find a valid peak. No peak greater than 1.0. max = 0.259430382138
Failed to find a valid peak. No peak greater than 1.0. max = 0.0169289092322
new center pos Detector(H1) (Ar40) @ 5.87814586632
GetHighVoltage ===>> 4499.94659342336
GetDeflection H1 ===>> 0
dac uncorrected for HV and deflection 5.87818048238
update mftable H1 Ar40 5.87818048238 message=automated run peakcenter
get initial guess parabolic
get initial guess parabolic
get initial guess parabolic
get initial guess parabolic
get initial guess parabolic
get initial guess parabolic
dump mftable to /Users/jan/PychronDev/setupfiles/spectrometer/mftables/mftable.csv
add to repo msg=modified - automated run peakcenter
sweep finished
locally archiving mftable
setting magnet DAC
current  : 5.892905
requested: 5.878146
Delta Dac: 0.014760
Checking detector protection. dv=0.01476
Checking detector "CDD". Protection Threshold: 0.1 (V)
SetMagnetDAC 5.87814586632 ===>> OK
Magnet settling time: 0.500
Magnet settling complete
set_dac. change=True
Failed to find a valid peak. No peak greater than 1.0. max = 0.264765487084
Failed to find a valid peak. No peak greater than 1.0. max = 0.259430382138
Failed to find a valid peak. No peak greater than 1.0. max = 0.0169289092322
flush and close file /Users/jan/PychronDev/data/isotopes/c7/3bd1d3-32e2-4b5d-8475-43752b467538.h5
finished measure script
executed snippet estimated_duration=568.532928, duration=651.957829952
jan_unknown400_120.py completed successfully
Measurement Finished
14:44:52 -- ******* Measurement Finished *******
Post Measurement Started jan_pump_ms.py
14:44:52 -- ******* Post Measurement Started jan_pump_ms.py *******
testing...
no interpolation path defined
executed snippet estimated_duration=0, duration=5.31673431396e-05
Pumping spectrometer
open () {'name': 'O'}
open name=O desc=---
checking ownership. requestor=129.138.12.150
check software interlocks O
interlocks []
actuate state mode=None-script, software_lock=False
doing actuation None-script open_channel True
Open O ===>> OK
GetIndicatorState O ===>> OK
change switch state (True, True)
update switch state O True args=() kw={} ncanvase=3
14:44:52 -- OPEN   VALVE-O (Jan Ion Pump)
-------------------------- open O () result=[(True, True)]
action=open, ok=True, locked=[False]
executed snippet estimated_duration=0, duration=0.385013818741
jan_pump_ms.py completed successfully
setting _ms_pumptime
Post Measurement Finished
14:44:52 -- ******* Post Measurement Finished *******
$$$$$$$$$$$$$$$$$$$$ state at run end measurement
state changed from measurement to success
post measurement save measured=True aborted=False
Set filtering
setting fod for Ar40= {'filter_outliers': True, 'std_devs': 2, 'iterations': 1}
setting fod for H1= {'filter_outliers': True, 'std_devs': 2, 'iterations': 1}
setting fod for PM41= {'filter_outliers': False, 'std_devs': 2, 'iterations': 1}
setting fod for H2= {'filter_outliers': True, 'std_devs': 2, 'iterations': 1}
setting fod for Ar36= {'filter_outliers': True, 'std_devs': 2, 'iterations': 1}
setting fod for CDD= {'filter_outliers': True, 'std_devs': 10, 'iterations': 1}
setting fod for Ar37= {'filter_outliers': True, 'std_devs': 2, 'iterations': 1}
setting fod for L2= {'filter_outliers': True, 'std_devs': 2, 'iterations': 1}
setting fod for Ar38= {'filter_outliers': True, 'std_devs': 2, 'iterations': 1}
setting fod for L1= {'filter_outliers': True, 'std_devs': 2, 'iterations': 1}
setting fod for Ar39= {'filter_outliers': True, 'std_devs': 2, 'iterations': 1}
setting fod for AX= {'filter_outliers': True, 'std_devs': 2, 'iterations': 1}
persistence save...
persistence save - db
post measurement save
8319155568 connecting to database sqlite:////Users/jan/PychronDev/.appdata/local_lab.db
connected to db sqlite:////Users/jan/PychronDev/.appdata/local_lab.db
create new session 8319155568
close session 8319155568
No database instance. Not saving post measurement to isotopedb database
$$$$$$$$$$$$$$$ auto_save_detector_ic=False
massspec enabled True
create new session 5071632912
MassSpec Database Version: 16.0
close session 5071632912
saving post measurement to secondary database
saving to massspec database 129.138.12.160/massspecdata
setting labnumber to bu-FD-J
setting aliquot to 71
setting step to 
setting uuid to c73bd1d3-32e2-4b5d-8475-43752b467538
setting irradpos to bu-FD-J
setting extract_device to Fusions Diode
setting tray to 
setting position to 13
setting power_requested to 0.0
setting extract_value to 0.0
setting duration to 40.0
setting duration_at_request to 40.0
setting first_stage_delay to 40.0
setting cleanup to 120.0
setting comment to 7.00 mg
setting irradiation to NoIrradiation
setting level to A
setting irradiation_level to A
setting sample to blank_unknown
setting material to Blank
setting project to REFERENCES
setting mass_spectrometer to Jan
no attribute chron_dosages
no attribute production_ratios
no attribute interference_corrections
no attribute production_name
no attribute j
Reference Isotope=Ar40
Reference Detector=H1
%%%%%%%%%%%%%%%%%%%% Comment: 7.00 mg %%%%%%%%%%%%%%%%%%%
adding isotope PM41 H2
add baseline dbdet= PM41. original det= H2
get baseline data PM41 H2
Get data baseline <pychron.processing.isotope.Baseline object at 0x1fed99dd0> len t=120
baseline PM41. v=-0.19227988933, e=0.00620413475978
get signal data PM41 H2
Get data signal PM41 0.03+/-0.07 len t=400
adding isotope Ar40 H1
add baseline dbdet= Ar40. original det= H1
get baseline data Ar40 H1
Get data baseline <pychron.processing.isotope.Baseline object at 0x1fed99210> len t=120
baseline Ar40. v=-0.0503749803948, e=0.0102663059769
get signal data Ar40 H1
Get data signal Ar40 1.505+/-0.022 len t=400
adding isotope Ar39 AX
add baseline dbdet= Ar39. original det= AX
get baseline data Ar39 AX
Get data baseline <pychron.processing.isotope.Baseline object at 0x1fed99710> len t=120
baseline Ar39. v=-0.0641977868191, e=0.00430637603203
get signal data Ar39 AX
Get data signal Ar39 0.051+/-0.009 len t=400
adding isotope Ar38 L1
add baseline dbdet= Ar38. original det= L1
get baseline data Ar38 L1
Get data baseline <pychron.processing.isotope.Baseline object at 0x1fed99350> len t=120
baseline Ar38. v=-0.0208460024561, e=0.00159209137944
get signal data Ar38 L1
Get data signal Ar38 0.0092+/-0.0023 len t=400
adding isotope Ar37 L2
add baseline dbdet= Ar37. original det= L2
get baseline data Ar37 L2
Get data baseline <pychron.processing.isotope.Baseline object at 0x1fed99c50> len t=120
baseline Ar37. v=-0.0221347340715, e=0.0037861701254
get signal data Ar37 L2
Get data signal Ar37 0.154+/-0.005 len t=400
adding isotope Ar36 CDD
add baseline dbdet= Ar36. original det= CDD
get baseline data Ar36 CDD
Get data baseline <pychron.processing.isotope.Baseline object at 0x2011d3610> len t=120
baseline Ar36. v=1.24054509571e-05, e=4.16285683444e-06
get signal data Ar36 CDD
Get data signal Ar36 0.00756+/-0.00021 len t=400
bu-FD-J-71 added analysis time 0.478092908859s
analysis added to mass spec database
mass spec save time= 0.493
persistence save - dvc
================= post measurement started
create new session 4995497616
close session 4995497616
---------------- Experiment Queue saving disabled
DVC saving peakcenter
Failed to find a valid peak. No peak greater than 1.0. max = 0.264765487084
Failed to find a valid peak. No peak greater than 1.0. max = 0.259430382138
Failed to find a valid peak. No peak greater than 1.0. max = 0.0169289092322
Smart pull ahead: 0 behind: 0
Up-to-date with origin
add to repo msg=modified - ad8224ebc6dbfeb9f5997218dfa5fe690569839d.json
add to repo msg=modified - -J-71.json
add to repo msg=modified - -J-71.dat.json
add to repo msg=modified - -J-71.blan.json
add to repo msg=modified - -J-71.inte.json
add to repo msg=modified - -J-71.icfa.json
add to repo msg=modified - -J-71.base.json
not at valid file /Users/jan/PychronDev/data/.dvc/repositories/Load1799_LipmanDulceDikes/bu-FD/tags/-J-71.tags.json
add to repo msg=modified - -J-71.peak.json
add to repo msg=modified - -J-71.extr.json
not at valid file /Users/jan/PychronDev/data/.dvc/repositories/Load1799_LipmanDulceDikes/bu-FD/monitor/-J-71.moni.json
commit message=<COLLECTION>
add to repo msg=modified - -J-71.inte.json
add to repo msg=modified - -J-71.base.json
commit message=<ISOEVO> default collection fits
add to repo msg=modified - -J-71.blan.json
commit message=<BLANKS> preceding bc-02-J-481
add to repo msg=modified - -J-71.icfa.json
commit message=<ICFactor> default
push repository <pychron.git_archive.repo_manager.GitRepoManager object at 0x1f3b4ce90>
pushing to remote=origin, url=https://github.com
no changes to meta repo
create new session 4995497616
add association Load1799_LipmanDulceDikes
get identifier "bu-FD-J"
setting analysis irradiation position=<pychron.dvc.dvc_orm.IrradiationPositionTbl object at 0x201a5e110>
close session 4995497616
================= post measurement finished
14:45:07 -- ******* Post Run Check *******
loading queue conditionals post_run_actions
loading system conditionals post_run_actions
loading conditionals from /Users/jan/PychronDev/setupfiles/spectrometer/default_conditionals.yaml
loading queue conditionals post_run_terminations
loading system conditionals post_run_terminations
loading conditionals from /Users/jan/PychronDev/setupfiles/spectrometer/default_conditionals.yaml
Checking default post run terminations n=1
GetDeflection CDD ===>> 50
testing CDD==2000
evaluate ot="CDD.deflection==2000" t="CDD==2000", ctx="{'CDD': 50.0}"
14:45:07 -- ******* Post Run Check Passed *******
14:45:07 -- Automated run bu-FD-J-71 success duration: 879.670 s
----------------- finish -----------------
----------------- stop -----------------
retroactive repository identifiers disabled
finish run. runs completed=41
update duration runid=bu-FD-J-71, duration=879.670257092, md5=f54ff01f
loading script "jan_unknown120_60.py"
loading script "jan_pump_ms.py"
loading script "jan_diode.py"
loading script "jan_pump_extraction_line.py"
testing...
no interpolation path defined
executed snippet estimated_duration=213.652928, duration=0.000251054763794
script duration name:unknown120_60 seconds:214.0
loading script "jan_unknown120_60.py"
loading script "jan_pump_ms.py"
loading script "jan_diode.py"
loading script "jan_pump_extraction_line.py"
testing...
no interpolation path defined
executed snippet estimated_duration=0, duration=4.31537628174e-05
loading script "jan_unknown120_60.py"
loading script "jan_pump_ms.py"
loading script "jan_diode.py"
loading script "jan_pump_extraction_line.py"
testing...
no interpolation path defined
calculate duration
testing...
no interpolation path defined
executed snippet estimated_duration=0, duration=0.000187158584595
calculate duration
testing...
no interpolation path defined
executed snippet estimated_duration=0, duration=2.90870666504e-05
calculate duration
testing...
no interpolation path defined
executed snippet estimated_duration=64.0, duration=0.000209093093872
calculate duration
testing...
no interpolation path defined
executed snippet estimated_duration=2.0, duration=7.9870223999e-05
executed snippet estimated_duration=66.0, duration=0.0196318626404
script duration name:diode seconds:66.0
loading script "jan_unknown120_60.py"
loading script "jan_pump_ms.py"
loading script "jan_diode.py"
loading script "jan_pump_extraction_line.py"
testing...
no interpolation path defined
calculate duration
testing...
no interpolation path defined
executed snippet estimated_duration=4.0, duration=0.000178098678589
executed snippet estimated_duration=4.0, duration=0.00401306152344
Script duration 280.0
Run total estimated duration= 281.000
unknown120_60 in script context. using previous estimated duration
script duration name:unknown120_60 seconds:214.0
pump_ms in script context. using previous estimated duration
diode in script context. using previous estimated duration
script duration name:diode seconds:66.0
pump_extraction_line in script context. using previous estimated duration
Script duration 280.0
Run total estimated duration= 281.000
script duration name:unknown120_60 seconds:214.0
script duration name:diode seconds:66.0
Script duration 280.0
Run total estimated duration= 281.000
script duration name:unknown120_60 seconds:214.0
script duration name:diode seconds:66.0
Script duration 280.0
Run total estimated duration= 281.000
script duration name:unknown120_60 seconds:214.0
script duration name:diode seconds:66.0
Script duration 280.0
Run total estimated duration= 281.000
script duration name:unknown120_60 seconds:214.0
script duration name:diode seconds:66.0
Script duration 280.0
Run total estimated duration= 281.000
script duration name:unknown120_60 seconds:214.0
script duration name:diode seconds:66.0
Script duration 280.0
Run total estimated duration= 281.000
script duration name:unknown120_60 seconds:214.0
script duration name:diode seconds:66.0
Script duration 280.0
Run total estimated duration= 281.000
script duration name:unknown120_60 seconds:214.0
script duration name:diode seconds:66.0
Script duration 280.0
Run total estimated duration= 281.000
script duration name:unknown120_60 seconds:214.0
script duration name:diode seconds:66.0
Script duration 280.0
Run total estimated duration= 281.000
script duration name:unknown120_60 seconds:214.0
script duration name:diode seconds:66.0
Script duration 280.0
Run total estimated duration= 281.000
script duration name:unknown120_60 seconds:214.0
script duration name:diode seconds:66.0
Script duration 280.0
Run total estimated duration= 281.000
script duration name:unknown120_60 seconds:214.0
script duration name:diode seconds:66.0
Script duration 280.0
Run total estimated duration= 281.000
loading script "jan_unknown400_120.py"
loading script "jan_pump_ms.py"
loading script "jan_sniffair_x2.py"
loading script "jan_pump_extraction_line.py"
testing...
no interpolation path defined
executed snippet estimated_duration=556.052928, duration=0.00019097328186
script duration name:unknown400_120 seconds:556.0
loading script "jan_unknown400_120.py"
loading script "jan_pump_ms.py"
loading script "jan_sniffair_x2.py"
loading script "jan_pump_extraction_line.py"
testing...
no interpolation path defined
calculate duration
testing...
no interpolation path defined
executed snippet estimated_duration=0, duration=5.19752502441e-05
calculate duration
testing...
no interpolation path defined
executed snippet estimated_duration=0, duration=8.89301300049e-05
calculate duration
testing...
no interpolation path defined
executed snippet estimated_duration=32.0, duration=8.70227813721e-05
calculate duration
testing...
no interpolation path defined
executed snippet estimated_duration=34.0, duration=9.20295715332e-05
calculate duration
testing...
no interpolation path defined
executed snippet estimated_duration=4.0, duration=0.00010085105896
calculate duration
testing...
no interpolation path defined
executed snippet estimated_duration=36.0, duration=0.000164985656738
calculate duration
testing...
no interpolation path defined
executed snippet estimated_duration=34.0, duration=9.89437103271e-05
calculate duration
testing...
no interpolation path defined
executed snippet estimated_duration=4.0, duration=6.60419464111e-05
calculate duration
testing...
no interpolation path defined
executed snippet estimated_duration=36.0, duration=8.70227813721e-05
calculate duration
testing...
no interpolation path defined
executed snippet estimated_duration=70.0, duration=0.000123023986816
executed snippet estimated_duration=250.0, duration=0.0283629894257
script duration name:sniffair_x2 seconds:250.0
Script duration 806.0
Run total estimated duration= 807.000
unknown400_120 in script context. using previous estimated duration
script duration name:unknown400_120 seconds:556.0
sniffair_x2 in script context. using previous estimated duration
script duration name:sniffair_x2 seconds:250.0
Script duration 806.0
Run total estimated duration= 807.000
script duration name:unknown400_120 seconds:556.0
loading script "jan_unknown400_120.py"
loading script "jan_pump_ms.py"
loading script "jan_cocktail_x1.py"
loading script "jan_pump_extraction_line.py"
testing...
no interpolation path defined
calculate duration
testing...
no interpolation path defined
executed snippet estimated_duration=0, duration=4.38690185547e-05
calculate duration
testing...
no interpolation path defined
executed snippet estimated_duration=0, duration=0.000109910964966
calculate duration
testing...
no interpolation path defined
executed snippet estimated_duration=32.0, duration=0.000124931335449
calculate duration
testing...
no interpolation path defined
executed snippet estimated_duration=34.0, duration=0.000121831893921
calculate duration
testing...
no interpolation path defined
executed snippet estimated_duration=4.0, duration=7.48634338379e-05
calculate duration
testing...
no interpolation path defined
executed snippet estimated_duration=38.0, duration=0.000118017196655
executed snippet estimated_duration=108.0, duration=0.00959610939026
script duration name:cocktail_x1 seconds:108.0
Script duration 664.0
Run total estimated duration= 665.000
script duration name:unknown400_120 seconds:556.0
cocktail_x1 in script context. using previous estimated duration
script duration name:cocktail_x1 seconds:108.0
Script duration 664.0
Run total estimated duration= 665.000
script duration name:unknown400_120 seconds:556.0
script duration name:diode seconds:66.0
Script duration 622.0
Run total estimated duration= 623.000
script duration name:unknown120_60 seconds:214.0
script duration name:diode seconds:66.0
Script duration 280.0
Run total estimated duration= 281.000
script duration name:unknown120_60 seconds:214.0
script duration name:diode seconds:66.0
Script duration 280.0
Run total estimated duration= 281.000
script duration name:unknown120_60 seconds:214.0
script duration name:diode seconds:66.0
Script duration 280.0
Run total estimated duration= 281.000
script duration name:unknown120_60 seconds:214.0
script duration name:diode seconds:66.0
Script duration 280.0
Run total estimated duration= 281.000
script duration name:unknown120_60 seconds:214.0
script duration name:diode seconds:66.0
Script duration 280.0
Run total estimated duration= 281.000
script duration name:unknown120_60 seconds:214.0
script duration name:diode seconds:66.0
Script duration 280.0
Run total estimated duration= 281.000
script duration name:unknown120_60 seconds:214.0
script duration name:diode seconds:66.0
Script duration 280.0
Run total estimated duration= 281.000
script duration name:unknown120_60 seconds:214.0
script duration name:diode seconds:66.0
Script duration 280.0
Run total estimated duration= 281.000
script duration name:unknown120_60 seconds:214.0
script duration name:diode seconds:66.0
Script duration 280.0
Run total estimated duration= 281.000
script duration name:unknown120_60 seconds:214.0
script duration name:diode seconds:66.0
Script duration 280.0
Run total estimated duration= 281.000
script duration name:unknown120_60 seconds:214.0
script duration name:diode seconds:66.0
Script duration 280.0
Run total estimated duration= 281.000
script duration name:unknown120_60 seconds:214.0
script duration name:diode seconds:66.0
Script duration 280.0
Run total estimated duration= 281.000
script duration name:unknown120_60 seconds:214.0
script duration name:diode seconds:66.0
Script duration 280.0
Run total estimated duration= 281.000
script duration name:unknown400_120 seconds:556.0
script duration name:sniffair_x2 seconds:250.0
Script duration 806.0
Run total estimated duration= 807.000
script duration name:unknown400_120 seconds:556.0
script duration name:sniffair_x2 seconds:250.0
Script duration 806.0
Run total estimated duration= 807.000
script duration name:unknown400_120 seconds:556.0
script duration name:cocktail_x1 seconds:108.0
Script duration 664.0
Run total estimated duration= 665.000
script duration name:unknown400_120 seconds:556.0
script duration name:cocktail_x1 seconds:108.0
Script duration 664.0
Run total estimated duration= 665.000
script duration name:unknown400_120 seconds:556.0
script duration name:diode seconds:66.0
Script duration 622.0
Run total estimated duration= 623.000
script duration name:unknown120_60 seconds:214.0
script duration name:diode seconds:66.0
Script duration 280.0
Run total estimated duration= 281.000
script duration name:unknown120_60 seconds:214.0
script duration name:diode seconds:66.0
Script duration 280.0
Run total estimated duration= 281.000
script duration name:unknown120_60 seconds:214.0
script duration name:diode seconds:66.0
Script duration 280.0
Run total estimated duration= 281.000
script duration name:unknown120_60 seconds:214.0
script duration name:diode seconds:66.0
Script duration 280.0
Run total estimated duration= 281.000
script duration name:unknown120_60 seconds:214.0
script duration name:diode seconds:66.0
Script duration 280.0
Run total estimated duration= 281.000
script duration name:unknown120_60 seconds:214.0
script duration name:diode seconds:66.0
Script duration 280.0
Run total estimated duration= 281.000
script duration name:unknown120_60 seconds:214.0
script duration name:diode seconds:66.0
Script duration 280.0
Run total estimated duration= 281.000
script duration name:unknown120_60 seconds:214.0
script duration name:diode seconds:66.0
Script duration 280.0
Run total estimated duration= 281.000
script duration name:unknown120_60 seconds:214.0
script duration name:diode seconds:66.0
Script duration 280.0
Run total estimated duration= 281.000
script duration name:unknown120_60 seconds:214.0
script duration name:diode seconds:66.0
Script duration 280.0
Run total estimated duration= 281.000
script duration name:unknown120_60 seconds:214.0
script duration name:diode seconds:66.0
Script duration 280.0
Run total estimated duration= 281.000
script duration name:unknown120_60 seconds:214.0
script duration name:diode seconds:66.0
Script duration 280.0
Run total estimated duration= 281.000
script duration name:unknown120_60 seconds:214.0
script duration name:diode seconds:66.0
Script duration 280.0
Run total estimated duration= 281.000
script duration name:unknown400_120 seconds:556.0
script duration name:sniffair_x2 seconds:250.0
Script duration 806.0
Run total estimated duration= 807.000
script duration name:unknown400_120 seconds:556.0
script duration name:sniffair_x2 seconds:250.0
Script duration 806.0
Run total estimated duration= 807.000
script duration name:unknown400_120 seconds:556.0
script duration name:cocktail_x1 seconds:108.0
Script duration 664.0
Run total estimated duration= 665.000
script duration name:unknown400_120 seconds:556.0
script duration name:cocktail_x1 seconds:108.0
Script duration 664.0
Run total estimated duration= 665.000
script duration name:unknown400_120 seconds:556.0
script duration name:diode seconds:66.0
Script duration 622.0
Run total estimated duration= 623.000
script duration name:unknown120_60 seconds:214.0
script duration name:diode seconds:66.0
Script duration 280.0
Run total estimated duration= 281.000
script duration name:unknown120_60 seconds:214.0
script duration name:diode seconds:66.0
Script duration 280.0
Run total estimated duration= 281.000
script duration name:unknown120_60 seconds:214.0
script duration name:diode seconds:66.0
Script duration 280.0
Run total estimated duration= 281.000
script duration name:unknown120_60 seconds:214.0
script duration name:diode seconds:66.0
Script duration 280.0
Run total estimated duration= 281.000
script duration name:unknown120_60 seconds:214.0
script duration name:diode seconds:66.0
Script duration 280.0
Run total estimated duration= 281.000
script duration name:unknown120_60 seconds:214.0
script duration name:diode seconds:66.0
Script duration 280.0
Run total estimated duration= 281.000
script duration name:unknown120_60 seconds:214.0
script duration name:diode seconds:66.0
Script duration 280.0
Run total estimated duration= 281.000
script duration name:unknown120_60 seconds:214.0
script duration name:diode seconds:66.0
Script duration 280.0
Run total estimated duration= 281.000
script duration name:unknown120_60 seconds:214.0
script duration name:diode seconds:66.0
Script duration 280.0
Run total estimated duration= 281.000
script duration name:unknown120_60 seconds:214.0
script duration name:diode seconds:66.0
Script duration 280.0
Run total estimated duration= 281.000
script duration name:unknown120_60 seconds:214.0
script duration name:diode seconds:66.0
Script duration 280.0
Run total estimated duration= 281.000
script duration name:unknown120_60 seconds:214.0
script duration name:diode seconds:66.0
Script duration 280.0
Run total estimated duration= 281.000
script duration name:unknown120_60 seconds:214.0
script duration name:diode seconds:66.0
Script duration 280.0
Run total estimated duration= 281.000
script duration name:unknown400_120 seconds:556.0
script duration name:sniffair_x2 seconds:250.0
Script duration 806.0
Run total estimated duration= 807.000
script duration name:unknown400_120 seconds:556.0
script duration name:sniffair_x2 seconds:250.0
Script duration 806.0
Run total estimated duration= 807.000
script duration name:unknown400_120 seconds:556.0
script duration name:cocktail_x1 seconds:108.0
Script duration 664.0
Run total estimated duration= 665.000
script duration name:unknown400_120 seconds:556.0
script duration name:cocktail_x1 seconds:108.0
Script duration 664.0
Run total estimated duration= 665.000
script duration name:unknown400_120 seconds:556.0
script duration name:diode seconds:66.0
Script duration 622.0
Run total estimated duration= 623.000
script duration name:unknown120_60 seconds:214.0
script duration name:diode seconds:66.0
Script duration 280.0
Run total estimated duration= 281.000
script duration name:unknown120_60 seconds:214.0
script duration name:diode seconds:66.0
Script duration 280.0
Run total estimated duration= 281.000
script duration name:unknown120_60 seconds:214.0
script duration name:diode seconds:66.0
Script duration 280.0
Run total estimated duration= 281.000
script duration name:unknown120_60 seconds:214.0
script duration name:diode seconds:66.0
Script duration 280.0
Run total estimated duration= 281.000
script duration name:unknown120_60 seconds:214.0
script duration name:diode seconds:66.0
Script duration 280.0
Run total estimated duration= 281.000
script duration name:unknown120_60 seconds:214.0
script duration name:diode seconds:66.0
Script duration 280.0
Run total estimated duration= 281.000
script duration name:unknown120_60 seconds:214.0
script duration name:diode seconds:66.0
Script duration 280.0
Run total estimated duration= 281.000
script duration name:unknown120_60 seconds:214.0
script duration name:diode seconds:66.0
Script duration 280.0
Run total estimated duration= 281.000
script duration name:unknown120_60 seconds:214.0
script duration name:diode seconds:66.0
Script duration 280.0
Run total estimated duration= 281.000
script duration name:unknown120_60 seconds:214.0
script duration name:diode seconds:66.0
Script duration 280.0
Run total estimated duration= 281.000
script duration name:unknown120_60 seconds:214.0
script duration name:diode seconds:66.0
Script duration 280.0
Run total estimated duration= 281.000
script duration name:unknown120_60 seconds:214.0
script duration name:diode seconds:66.0
Script duration 280.0
Run total estimated duration= 281.000
script duration name:unknown120_60 seconds:214.0
script duration name:diode seconds:66.0
Script duration 280.0
Run total estimated duration= 281.000
script duration name:unknown400_120 seconds:556.0
script duration name:diode seconds:66.0
Script duration 622.0
Run total estimated duration= 623.000
script duration name:unknown400_120 seconds:556.0
script duration name:sniffair_x2 seconds:250.0
Script duration 806.0
Run total estimated duration= 807.000
script duration name:unknown400_120 seconds:556.0
script duration name:sniffair_x2 seconds:250.0
Script duration 806.0
Run total estimated duration= 807.000
script duration name:unknown400_120 seconds:556.0
script duration name:cocktail_x1 seconds:108.0
Script duration 664.0
Run total estimated duration= 665.000
script duration name:unknown400_120 seconds:556.0
script duration name:cocktail_x1 seconds:108.0
Script duration 664.0
Run total estimated duration= 665.000
nruns=90 before=5.0, run_dur=36100.0, btw=2670.0
write rem/ex queues
/Users/jan/PychronDev/experiments/rem/Load1799_Zimmerer.rem.txt
/Users/jan/PychronDev/experiments/rem/Load1799_Zimmerer.ex.txt
doing event level: 3
